Program Version,EnergyPlus, Version 22.2.0-aa78da9668, YMD=2023.06.21 18:07,
   ** Warning ** Timestep: Requested number (1) is less than the suggested minimum of 4.
   **   ~~~   ** Please see entry for Timestep in Input/Output Reference for discussion of considerations.
   ************* Beginning Zone Sizing Calculations
   ** Warning ** ProcessScheduleInput: DecodeHHMMField, Invalid "until" field value is not a multiple of the minutes for each timestep: 00:55
   **   ~~~   ** Other errors may result. Occurred in Day Schedule=ZONE OFFICE WHOLEBUILDING - MD OFFICE B  - STORY GROUND PSZ-AC OCC SCH DEFAULT
   ** Warning ** ProcessScheduleInput: DecodeHHMMField, Invalid "until" field value is not a multiple of the minutes for each timestep: 08:30
   **   ~~~   ** Other errors may result. Occurred in Day Schedule=ZONE OFFICE WHOLEBUILDING - MD OFFICE B  - STORY GROUND PSZ-AC OCC SCH DEFAULT
   ** Warning ** ProcessScheduleInput: DecodeHHMMField, Invalid "until" field value is not a multiple of the minutes for each timestep: 07:10
   **   ~~~   ** Other errors may result. Occurred in Day Schedule=ZONE OFFICE WHOLEBUILDING - MD OFFICE B  - STORY GROUND PSZ-AC OCC SCH SATURDAY
   ** Warning ** ProcessScheduleInput: DecodeHHMMField, Invalid "until" field value is not a multiple of the minutes for each timestep: 14:59
   **   ~~~   ** Other errors may result. Occurred in Day Schedule=ZONE OFFICE WHOLEBUILDING - MD OFFICE B  - STORY GROUND PSZ-AC OCC SCH SATURDAY
   ** Warning ** ProcessScheduleInput: DecodeHHMMField, Invalid "until" field value is not a multiple of the minutes for each timestep: 00:55
   **   ~~~   ** Other errors may result. Occurred in Day Schedule=ZONE OFFICE WHOLEBUILDING - MD OFFICE A  - STORY GROUND PSZ-AC OCC SCH DEFAULT
   ** Warning ** ProcessScheduleInput: DecodeHHMMField, Invalid "until" field value is not a multiple of the minutes for each timestep: 08:30
   **   ~~~   ** Other errors may result. Occurred in Day Schedule=ZONE OFFICE WHOLEBUILDING - MD OFFICE A  - STORY GROUND PSZ-AC OCC SCH DEFAULT
   ** Warning ** ProcessScheduleInput: DecodeHHMMField, Invalid "until" field value is not a multiple of the minutes for each timestep: 07:10
   **   ~~~   ** Other errors may result. Occurred in Day Schedule=ZONE OFFICE WHOLEBUILDING - MD OFFICE A  - STORY GROUND PSZ-AC OCC SCH SATURDAY
   ** Warning ** ProcessScheduleInput: DecodeHHMMField, Invalid "until" field value is not a multiple of the minutes for each timestep: 14:59
   **   ~~~   ** Other errors may result. Occurred in Day Schedule=ZONE OFFICE WHOLEBUILDING - MD OFFICE A  - STORY GROUND PSZ-AC OCC SCH SATURDAY
   ** Warning ** ProcessScheduleInput: DecodeHHMMField, Invalid "until" field value is not a multiple of the minutes for each timestep: 00:55
   **   ~~~   ** Other errors may result. Occurred in Day Schedule=ZONE OFFICE WHOLEBUILDING - MD OFFICE A END_A - STORY GROUND PSZ-AC OCC SCH DEFAULT
   ** Warning ** ProcessScheduleInput: DecodeHHMMField, Invalid "until" field value is not a multiple of the minutes for each timestep: 08:30
   **   ~~~   ** Other errors may result. Occurred in Day Schedule=ZONE OFFICE WHOLEBUILDING - MD OFFICE A END_A - STORY GROUND PSZ-AC OCC SCH DEFAULT
   ** Warning ** ProcessScheduleInput: DecodeHHMMField, Invalid "until" field value is not a multiple of the minutes for each timestep: 07:10
   **   ~~~   ** Other errors may result. Occurred in Day Schedule=ZONE OFFICE WHOLEBUILDING - MD OFFICE A END_A - STORY GROUND PSZ-AC OCC SCH SATURDAY
   ** Warning ** ProcessScheduleInput: DecodeHHMMField, Invalid "until" field value is not a multiple of the minutes for each timestep: 14:59
   **   ~~~   ** Other errors may result. Occurred in Day Schedule=ZONE OFFICE WHOLEBUILDING - MD OFFICE A END_A - STORY GROUND PSZ-AC OCC SCH SATURDAY
   ** Warning ** ProcessScheduleInput: DecodeHHMMField, Invalid "until" field value is not a multiple of the minutes for each timestep: 00:55
   **   ~~~   ** Other errors may result. Occurred in Day Schedule=ZONE OFFICE WHOLEBUILDING - MD OFFICE A END_B - STORY GROUND PSZ-AC OCC SCH DEFAULT
   ** Warning ** ProcessScheduleInput: DecodeHHMMField, Invalid "until" field value is not a multiple of the minutes for each timestep: 08:30
   **   ~~~   ** Other errors may result. Occurred in Day Schedule=ZONE OFFICE WHOLEBUILDING - MD OFFICE A END_B - STORY GROUND PSZ-AC OCC SCH DEFAULT
   ** Warning ** ProcessScheduleInput: DecodeHHMMField, Invalid "until" field value is not a multiple of the minutes for each timestep: 07:10
   **   ~~~   ** Other errors may result. Occurred in Day Schedule=ZONE OFFICE WHOLEBUILDING - MD OFFICE A END_B - STORY GROUND PSZ-AC OCC SCH SATURDAY
   ** Warning ** ProcessScheduleInput: DecodeHHMMField, Invalid "until" field value is not a multiple of the minutes for each timestep: 14:59
   **   ~~~   ** Other errors may result. Occurred in Day Schedule=ZONE OFFICE WHOLEBUILDING - MD OFFICE A END_B - STORY GROUND PSZ-AC OCC SCH SATURDAY
   ** Warning ** ProcessScheduleInput: DecodeHHMMField, Invalid "until" field value is not a multiple of the minutes for each timestep: 00:55
   **   ~~~   ** Other errors may result. Occurred in Day Schedule=ZONE OFFICE WHOLEBUILDING - MD OFFICE B END_A - STORY GROUND PSZ-AC OCC SCH DEFAULT
   ** Warning ** ProcessScheduleInput: DecodeHHMMField, Invalid "until" field value is not a multiple of the minutes for each timestep: 08:30
   **   ~~~   ** Other errors may result. Occurred in Day Schedule=ZONE OFFICE WHOLEBUILDING - MD OFFICE B END_A - STORY GROUND PSZ-AC OCC SCH DEFAULT
   ** Warning ** ProcessScheduleInput: DecodeHHMMField, Invalid "until" field value is not a multiple of the minutes for each timestep: 07:10
   **   ~~~   ** Other errors may result. Occurred in Day Schedule=ZONE OFFICE WHOLEBUILDING - MD OFFICE B END_A - STORY GROUND PSZ-AC OCC SCH SATURDAY
   ** Warning ** ProcessScheduleInput: DecodeHHMMField, Invalid "until" field value is not a multiple of the minutes for each timestep: 14:59
   **   ~~~   ** Other errors may result. Occurred in Day Schedule=ZONE OFFICE WHOLEBUILDING - MD OFFICE B END_A - STORY GROUND PSZ-AC OCC SCH SATURDAY
   ** Warning ** ProcessScheduleInput: DecodeHHMMField, Invalid "until" field value is not a multiple of the minutes for each timestep: 00:55
   **   ~~~   ** Other errors may result. Occurred in Day Schedule=ZONE OFFICE WHOLEBUILDING - MD OFFICE B END_B - STORY GROUND PSZ-AC OCC SCH DEFAULT
   ** Warning ** ProcessScheduleInput: DecodeHHMMField, Invalid "until" field value is not a multiple of the minutes for each timestep: 08:30
   **   ~~~   ** Other errors may result. Occurred in Day Schedule=ZONE OFFICE WHOLEBUILDING - MD OFFICE B END_B - STORY GROUND PSZ-AC OCC SCH DEFAULT
   ** Warning ** ProcessScheduleInput: DecodeHHMMField, Invalid "until" field value is not a multiple of the minutes for each timestep: 07:10
   **   ~~~   ** Other errors may result. Occurred in Day Schedule=ZONE OFFICE WHOLEBUILDING - MD OFFICE B END_B - STORY GROUND PSZ-AC OCC SCH SATURDAY
   ** Warning ** ProcessScheduleInput: DecodeHHMMField, Invalid "until" field value is not a multiple of the minutes for each timestep: 14:59
   **   ~~~   ** Other errors may result. Occurred in Day Schedule=ZONE OFFICE WHOLEBUILDING - MD OFFICE B END_B - STORY GROUND PSZ-AC OCC SCH SATURDAY
   ** Warning ** ProcessScheduleInput: DecodeHHMMField, Invalid "until" field value is not a multiple of the minutes for each timestep: 00:55
   **   ~~~   ** Other errors may result. Occurred in Day Schedule=ZONE OFFICE WHOLEBUILDING - MD OFFICE C  - STORY GROUND PSZ-AC OCC SCH DEFAULT
   ** Warning ** ProcessScheduleInput: DecodeHHMMField, Invalid "until" field value is not a multiple of the minutes for each timestep: 08:30
   **   ~~~   ** Other errors may result. Occurred in Day Schedule=ZONE OFFICE WHOLEBUILDING - MD OFFICE C  - STORY GROUND PSZ-AC OCC SCH DEFAULT
   ** Warning ** ProcessScheduleInput: DecodeHHMMField, Invalid "until" field value is not a multiple of the minutes for each timestep: 07:10
   **   ~~~   ** Other errors may result. Occurred in Day Schedule=ZONE OFFICE WHOLEBUILDING - MD OFFICE C  - STORY GROUND PSZ-AC OCC SCH SATURDAY
   ** Warning ** ProcessScheduleInput: DecodeHHMMField, Invalid "until" field value is not a multiple of the minutes for each timestep: 14:59
   **   ~~~   ** Other errors may result. Occurred in Day Schedule=ZONE OFFICE WHOLEBUILDING - MD OFFICE C  - STORY GROUND PSZ-AC OCC SCH SATURDAY
   ** Warning ** ProcessScheduleInput: DecodeHHMMField, Invalid "until" field value is not a multiple of the minutes for each timestep: 00:55
   **   ~~~   ** Other errors may result. Occurred in Day Schedule=ZONE OFFICE WHOLEBUILDING - MD OFFICE C END_A - STORY GROUND PSZ-AC OCC SCH DEFAULT
   ** Warning ** ProcessScheduleInput: DecodeHHMMField, Invalid "until" field value is not a multiple of the minutes for each timestep: 08:30
   **   ~~~   ** Other errors may result. Occurred in Day Schedule=ZONE OFFICE WHOLEBUILDING - MD OFFICE C END_A - STORY GROUND PSZ-AC OCC SCH DEFAULT
   ** Warning ** ProcessScheduleInput: DecodeHHMMField, Invalid "until" field value is not a multiple of the minutes for each timestep: 07:10
   **   ~~~   ** Other errors may result. Occurred in Day Schedule=ZONE OFFICE WHOLEBUILDING - MD OFFICE C END_A - STORY GROUND PSZ-AC OCC SCH SATURDAY
   ** Warning ** ProcessScheduleInput: DecodeHHMMField, Invalid "until" field value is not a multiple of the minutes for each timestep: 14:59
   **   ~~~   ** Other errors may result. Occurred in Day Schedule=ZONE OFFICE WHOLEBUILDING - MD OFFICE C END_A - STORY GROUND PSZ-AC OCC SCH SATURDAY
   ** Warning ** ProcessScheduleInput: DecodeHHMMField, Invalid "until" field value is not a multiple of the minutes for each timestep: 00:55
   **   ~~~   ** Other errors may result. Occurred in Day Schedule=ZONE OFFICE WHOLEBUILDING - MD OFFICE C END_B - STORY GROUND PSZ-AC OCC SCH DEFAULT
   ** Warning ** ProcessScheduleInput: DecodeHHMMField, Invalid "until" field value is not a multiple of the minutes for each timestep: 08:30
   **   ~~~   ** Other errors may result. Occurred in Day Schedule=ZONE OFFICE WHOLEBUILDING - MD OFFICE C END_B - STORY GROUND PSZ-AC OCC SCH DEFAULT
   ** Warning ** ProcessScheduleInput: DecodeHHMMField, Invalid "until" field value is not a multiple of the minutes for each timestep: 07:10
   **   ~~~   ** Other errors may result. Occurred in Day Schedule=ZONE OFFICE WHOLEBUILDING - MD OFFICE C END_B - STORY GROUND PSZ-AC OCC SCH SATURDAY
   ** Warning ** ProcessScheduleInput: DecodeHHMMField, Invalid "until" field value is not a multiple of the minutes for each timestep: 14:59
   **   ~~~   ** Other errors may result. Occurred in Day Schedule=ZONE OFFICE WHOLEBUILDING - MD OFFICE C END_B - STORY GROUND PSZ-AC OCC SCH SATURDAY
   ** Warning ** ProcessScheduleInput: Schedule:Constant="TEMPORARY PIPE INDOOR AMBIENT TEMP 67.3F", Blank Schedule Type Limits Name input -- will not be validated.
   ** Warning ** ProcessScheduleInput: Schedule:Constant="ALWAYS ON CONTINUOUS", Blank Schedule Type Limits Name input -- will not be validated.
   ** Warning ** CheckUsedConstructions: There are 12 nominally unused constructions in input.
   **   ~~~   ** For explicit details on each unused construction, use Output:Diagnostics,DisplayExtraWarnings;
   ** Severe  ** WaterHeater:Mixed = 40GAL ELECTRICITY WATER HEATER - 40KBTU/HR 1.0 THERM EFF 1.0 THERM EFF:  Ambient Temperature Zone not found = 
   ************* Beginning System Sizing Calculations
   ** Warning ** AirLoopHVAC:UnitarySystem = ZONE OFFICE WHOLEBUILDING - MD OFFICE A  - STORY GROUND PSZ-AC UNITARY AC
   **   ~~~   ** Method used to determine the cooling supply air flow rate is not specified when cooling coil is present.
   ** Warning ** AirLoopHVAC:UnitarySystem = ZONE OFFICE WHOLEBUILDING - MD OFFICE A  - STORY GROUND PSZ-AC UNITARY AC
   **   ~~~   ** Method used to determine the heating supply air flow rate is not specified when heating coil is present.
   ** Warning ** AirLoopHVAC:UnitarySystem = ZONE OFFICE WHOLEBUILDING - MD OFFICE A END_A - STORY GROUND PSZ-AC UNITARY AC
   **   ~~~   ** Method used to determine the cooling supply air flow rate is not specified when cooling coil is present.
   ** Warning ** AirLoopHVAC:UnitarySystem = ZONE OFFICE WHOLEBUILDING - MD OFFICE A END_A - STORY GROUND PSZ-AC UNITARY AC
   **   ~~~   ** Method used to determine the heating supply air flow rate is not specified when heating coil is present.
   ** Warning ** AirLoopHVAC:UnitarySystem = ZONE OFFICE WHOLEBUILDING - MD OFFICE A END_B - STORY GROUND PSZ-AC UNITARY AC
   **   ~~~   ** Method used to determine the cooling supply air flow rate is not specified when cooling coil is present.
   ** Warning ** AirLoopHVAC:UnitarySystem = ZONE OFFICE WHOLEBUILDING - MD OFFICE A END_B - STORY GROUND PSZ-AC UNITARY AC
   **   ~~~   ** Method used to determine the heating supply air flow rate is not specified when heating coil is present.
   ** Warning ** AirLoopHVAC:UnitarySystem = ZONE OFFICE WHOLEBUILDING - MD OFFICE B  - STORY GROUND PSZ-AC UNITARY AC
   **   ~~~   ** Method used to determine the cooling supply air flow rate is not specified when cooling coil is present.
   ** Warning ** AirLoopHVAC:UnitarySystem = ZONE OFFICE WHOLEBUILDING - MD OFFICE B  - STORY GROUND PSZ-AC UNITARY AC
   **   ~~~   ** Method used to determine the heating supply air flow rate is not specified when heating coil is present.
   ** Warning ** AirLoopHVAC:UnitarySystem = ZONE OFFICE WHOLEBUILDING - MD OFFICE B END_A - STORY GROUND PSZ-AC UNITARY AC
   **   ~~~   ** Method used to determine the cooling supply air flow rate is not specified when cooling coil is present.
   ** Warning ** AirLoopHVAC:UnitarySystem = ZONE OFFICE WHOLEBUILDING - MD OFFICE B END_A - STORY GROUND PSZ-AC UNITARY AC
   **   ~~~   ** Method used to determine the heating supply air flow rate is not specified when heating coil is present.
   ** Warning ** AirLoopHVAC:UnitarySystem = ZONE OFFICE WHOLEBUILDING - MD OFFICE B END_B - STORY GROUND PSZ-AC UNITARY AC
   **   ~~~   ** Method used to determine the cooling supply air flow rate is not specified when cooling coil is present.
   ** Warning ** AirLoopHVAC:UnitarySystem = ZONE OFFICE WHOLEBUILDING - MD OFFICE B END_B - STORY GROUND PSZ-AC UNITARY AC
   **   ~~~   ** Method used to determine the heating supply air flow rate is not specified when heating coil is present.
   ** Warning ** AirLoopHVAC:UnitarySystem = ZONE OFFICE WHOLEBUILDING - MD OFFICE C  - STORY GROUND PSZ-AC UNITARY AC
   **   ~~~   ** Method used to determine the cooling supply air flow rate is not specified when cooling coil is present.
   ** Warning ** AirLoopHVAC:UnitarySystem = ZONE OFFICE WHOLEBUILDING - MD OFFICE C  - STORY GROUND PSZ-AC UNITARY AC
   **   ~~~   ** Method used to determine the heating supply air flow rate is not specified when heating coil is present.
   ** Warning ** AirLoopHVAC:UnitarySystem = ZONE OFFICE WHOLEBUILDING - MD OFFICE C END_A - STORY GROUND PSZ-AC UNITARY AC
   **   ~~~   ** Method used to determine the cooling supply air flow rate is not specified when cooling coil is present.
   ** Warning ** AirLoopHVAC:UnitarySystem = ZONE OFFICE WHOLEBUILDING - MD OFFICE C END_A - STORY GROUND PSZ-AC UNITARY AC
   **   ~~~   ** Method used to determine the heating supply air flow rate is not specified when heating coil is present.
   ** Warning ** AirLoopHVAC:UnitarySystem = ZONE OFFICE WHOLEBUILDING - MD OFFICE C END_B - STORY GROUND PSZ-AC UNITARY AC
   **   ~~~   ** Method used to determine the cooling supply air flow rate is not specified when cooling coil is present.
   ** Warning ** AirLoopHVAC:UnitarySystem = ZONE OFFICE WHOLEBUILDING - MD OFFICE C END_B - STORY GROUND PSZ-AC UNITARY AC
   **   ~~~   ** Method used to determine the heating supply air flow rate is not specified when heating coil is present.
   ************* Beginning Plant Sizing Calculations
   ** Warning ** GetOAControllerInputs: Controller:MechanicalVentilation="CONTROLLER MECHANICAL VENTILATION 1
   **   ~~~   ** Cannot locate a matching DesignSpecification:ZoneAirDistribution object for Zone="ZONE OFFICE WHOLEBUILDING - MD OFFICE A  - STORY GROUND".
   **   ~~~   ** Using default zone air distribution effectiveness of 1.0 for heating and cooling.
   ** Warning ** GetOAControllerInputs: Controller:MechanicalVentilation="CONTROLLER MECHANICAL VENTILATION 2
   **   ~~~   ** Cannot locate a matching DesignSpecification:ZoneAirDistribution object for Zone="ZONE OFFICE WHOLEBUILDING - MD OFFICE A END_A - STORY GROUND".
   **   ~~~   ** Using default zone air distribution effectiveness of 1.0 for heating and cooling.
   ** Warning ** GetOAControllerInputs: Controller:MechanicalVentilation="CONTROLLER MECHANICAL VENTILATION 3
   **   ~~~   ** Cannot locate a matching DesignSpecification:ZoneAirDistribution object for Zone="ZONE OFFICE WHOLEBUILDING - MD OFFICE A END_B - STORY GROUND".
   **   ~~~   ** Using default zone air distribution effectiveness of 1.0 for heating and cooling.
   ** Warning ** GetOAControllerInputs: Controller:MechanicalVentilation="CONTROLLER MECHANICAL VENTILATION 4
   **   ~~~   ** Cannot locate a matching DesignSpecification:ZoneAirDistribution object for Zone="ZONE OFFICE WHOLEBUILDING - MD OFFICE B  - STORY GROUND".
   **   ~~~   ** Using default zone air distribution effectiveness of 1.0 for heating and cooling.
   ** Warning ** GetOAControllerInputs: Controller:MechanicalVentilation="CONTROLLER MECHANICAL VENTILATION 5
   **   ~~~   ** Cannot locate a matching DesignSpecification:ZoneAirDistribution object for Zone="ZONE OFFICE WHOLEBUILDING - MD OFFICE B END_A - STORY GROUND".
   **   ~~~   ** Using default zone air distribution effectiveness of 1.0 for heating and cooling.
   ** Warning ** GetOAControllerInputs: Controller:MechanicalVentilation="CONTROLLER MECHANICAL VENTILATION 6
   **   ~~~   ** Cannot locate a matching DesignSpecification:ZoneAirDistribution object for Zone="ZONE OFFICE WHOLEBUILDING - MD OFFICE B END_B - STORY GROUND".
   **   ~~~   ** Using default zone air distribution effectiveness of 1.0 for heating and cooling.
   ** Warning ** GetOAControllerInputs: Controller:MechanicalVentilation="CONTROLLER MECHANICAL VENTILATION 7
   **   ~~~   ** Cannot locate a matching DesignSpecification:ZoneAirDistribution object for Zone="ZONE OFFICE WHOLEBUILDING - MD OFFICE C  - STORY GROUND".
   **   ~~~   ** Using default zone air distribution effectiveness of 1.0 for heating and cooling.
   ** Warning ** GetOAControllerInputs: Controller:MechanicalVentilation="CONTROLLER MECHANICAL VENTILATION 8
   **   ~~~   ** Cannot locate a matching DesignSpecification:ZoneAirDistribution object for Zone="ZONE OFFICE WHOLEBUILDING - MD OFFICE C END_A - STORY GROUND".
   **   ~~~   ** Using default zone air distribution effectiveness of 1.0 for heating and cooling.
   ** Warning ** GetOAControllerInputs: Controller:MechanicalVentilation="CONTROLLER MECHANICAL VENTILATION 9
   **   ~~~   ** Cannot locate a matching DesignSpecification:ZoneAirDistribution object for Zone="ZONE OFFICE WHOLEBUILDING - MD OFFICE C END_B - STORY GROUND".
   **   ~~~   ** Using default zone air distribution effectiveness of 1.0 for heating and cooling.
   ** Warning ** SizePlantLoop: Calculated Plant Sizing Design Volume Flow Rate=[0.00] is too small. Set to 0.0
   **   ~~~   ** ..occurs for PlantLoop=MAIN SERVICE WATER LOOP
   ** Warning ** SizePump: Calculated Pump Nominal Volume Flow Rate=[0.00] is too small. Set to 0.0
   **   ~~~   ** ..occurs for Pump=MAIN SERVICE WATER LOOP WATER MAINS PRESSURE DRIVEN
   ** Warning ** Check input. Pump nominal power or motor efficiency is set to 0, for pump=MAIN SERVICE WATER LOOP WATER MAINS PRESSURE DRIVEN
   ** Warning ** Check input. Pump nominal flow rate is set or calculated = 0, for pump=MAIN SERVICE WATER LOOP WATER MAINS PRESSURE DRIVEN
   ** Warning ** For zone=ZONE OFFICE WHOLEBUILDING - MD OFFICE A  - STORY GROUND return air heat gain from lights will be applied to the zone air.
   **   ~~~   **   This zone has no return air or is served by an on/off HVAC system.
   ** Warning ** For zone=ZONE OFFICE WHOLEBUILDING - MD OFFICE A END_A - STORY GROUND return air heat gain from lights will be applied to the zone air.
   **   ~~~   **   This zone has no return air or is served by an on/off HVAC system.
   ** Warning ** For zone=ZONE OFFICE WHOLEBUILDING - MD OFFICE A END_B - STORY GROUND return air heat gain from lights will be applied to the zone air.
   **   ~~~   **   This zone has no return air or is served by an on/off HVAC system.
   ** Warning ** For zone=ZONE OFFICE WHOLEBUILDING - MD OFFICE B  - STORY GROUND return air heat gain from lights will be applied to the zone air.
   **   ~~~   **   This zone has no return air or is served by an on/off HVAC system.
   ** Warning ** For zone=ZONE OFFICE WHOLEBUILDING - MD OFFICE B END_A - STORY GROUND return air heat gain from lights will be applied to the zone air.
   **   ~~~   **   This zone has no return air or is served by an on/off HVAC system.
   ** Warning ** For zone=ZONE OFFICE WHOLEBUILDING - MD OFFICE B END_B - STORY GROUND return air heat gain from lights will be applied to the zone air.
   **   ~~~   **   This zone has no return air or is served by an on/off HVAC system.
   ** Warning ** For zone=ZONE OFFICE WHOLEBUILDING - MD OFFICE C  - STORY GROUND return air heat gain from lights will be applied to the zone air.
   **   ~~~   **   This zone has no return air or is served by an on/off HVAC system.
   ** Warning ** For zone=ZONE OFFICE WHOLEBUILDING - MD OFFICE C END_A - STORY GROUND return air heat gain from lights will be applied to the zone air.
   **   ~~~   **   This zone has no return air or is served by an on/off HVAC system.
   ** Warning ** For zone=ZONE OFFICE WHOLEBUILDING - MD OFFICE C END_B - STORY GROUND return air heat gain from lights will be applied to the zone air.
   **   ~~~   **   This zone has no return air or is served by an on/off HVAC system.
   ** Warning ** Output:Meter: invalid Key Name="DISTRICTCOOLING:FACILITY" - not found.
   ** Warning ** Output:Meter: invalid Key Name="DISTRICTHEATING:FACILITY" - not found.
   ** Warning ** Output:Meter:MeterFileOnly requested for "Electricity:Facility" (TimeStep), already on "Output:Meter". Will report to both eplusout.eso and eplusout.mtr
   ************* Testing Individual Branch Integrity
   ************* All Branches passed integrity testing
   ************* Testing Individual Supply Air Path Integrity
   ************* All Supply Air Paths passed integrity testing
   ************* Testing Individual Return Air Path Integrity
   ************* All Return Air Paths passed integrity testing
   ************* No node connection errors were found.
   ************* Beginning Simulation
   ** Warning ** CalcOAController: Minimum OA fraction > Mechanical Ventilation Controller request for Controller:OutdoorAir=ZONE OFFICE WHOLEBUILDING - MD OFFICE A  - STORY GROUND PSZ-AC OA SYSTEM CONTROLLER, Min OA fraction is used.
   **   ~~~   ** This may be overriding desired ventilation controls. Check inputs for Minimum Outdoor Air Flow Rate, Minimum Outdoor Air Schedule Name and Controller:MechanicalVentilation
   **   ~~~   ** Minimum OA fraction = 0.2188, Mech Vent OA fraction = 2.8055E-002
   **   ~~~   **  Environment=RUN PERIOD 1, at Simulation time=01/01 00:00 - 01:00
   ** Warning ** CalcOAController: Minimum OA fraction > Mechanical Ventilation Controller request for Controller:OutdoorAir=ZONE OFFICE WHOLEBUILDING - MD OFFICE A END_A - STORY GROUND PSZ-AC OA SYSTEM CONTROLLER, Min OA fraction is used.
   **   ~~~   ** This may be overriding desired ventilation controls. Check inputs for Minimum Outdoor Air Flow Rate, Minimum Outdoor Air Schedule Name and Controller:MechanicalVentilation
   **   ~~~   ** Minimum OA fraction = 0.8956, Mech Vent OA fraction = 0.1597
   **   ~~~   **  Environment=RUN PERIOD 1, at Simulation time=01/01 00:00 - 01:00
   ** Warning ** CalcOAController: Minimum OA fraction > Mechanical Ventilation Controller request for Controller:OutdoorAir=ZONE OFFICE WHOLEBUILDING - MD OFFICE A END_B - STORY GROUND PSZ-AC OA SYSTEM CONTROLLER, Min OA fraction is used.
   **   ~~~   ** This may be overriding desired ventilation controls. Check inputs for Minimum Outdoor Air Flow Rate, Minimum Outdoor Air Schedule Name and Controller:MechanicalVentilation
   **   ~~~   ** Minimum OA fraction = 0.8839, Mech Vent OA fraction = 0.1550
   **   ~~~   **  Environment=RUN PERIOD 1, at Simulation time=01/01 00:00 - 01:00
   ** Warning ** CalcOAController: Minimum OA fraction > Mechanical Ventilation Controller request for Controller:OutdoorAir=ZONE OFFICE WHOLEBUILDING - MD OFFICE B END_A - STORY GROUND PSZ-AC OA SYSTEM CONTROLLER, Min OA fraction is used.
   **   ~~~   ** This may be overriding desired ventilation controls. Check inputs for Minimum Outdoor Air Flow Rate, Minimum Outdoor Air Schedule Name and Controller:MechanicalVentilation
   **   ~~~   ** Minimum OA fraction = 0.3659, Mech Vent OA fraction = 4.8807E-002
   **   ~~~   **  Environment=RUN PERIOD 1, at Simulation time=01/01 00:00 - 01:00
   ** Warning ** CalcOAController: Minimum OA fraction > Mechanical Ventilation Controller request for Controller:OutdoorAir=ZONE OFFICE WHOLEBUILDING - MD OFFICE B END_B - STORY GROUND PSZ-AC OA SYSTEM CONTROLLER, Min OA fraction is used.
   **   ~~~   ** This may be overriding desired ventilation controls. Check inputs for Minimum Outdoor Air Flow Rate, Minimum Outdoor Air Schedule Name and Controller:MechanicalVentilation
   **   ~~~   ** Minimum OA fraction = 0.3495, Mech Vent OA fraction = 4.3838E-002
   **   ~~~   **  Environment=RUN PERIOD 1, at Simulation time=01/01 00:00 - 01:00
   ** Warning ** CalcOAController: Minimum OA fraction > Mechanical Ventilation Controller request for Controller:OutdoorAir=ZONE OFFICE WHOLEBUILDING - MD OFFICE C  - STORY GROUND PSZ-AC OA SYSTEM CONTROLLER, Min OA fraction is used.
   **   ~~~   ** This may be overriding desired ventilation controls. Check inputs for Minimum Outdoor Air Flow Rate, Minimum Outdoor Air Schedule Name and Controller:MechanicalVentilation
   **   ~~~   ** Minimum OA fraction = 0.2397, Mech Vent OA fraction = 3.8517E-002
   **   ~~~   **  Environment=RUN PERIOD 1, at Simulation time=01/01 00:00 - 01:00
   ** Warning ** CalcOAController: Minimum OA fraction > Mechanical Ventilation Controller request for Controller:OutdoorAir=ZONE OFFICE WHOLEBUILDING - MD OFFICE C END_A - STORY GROUND PSZ-AC OA SYSTEM CONTROLLER, Min OA fraction is used.
   **   ~~~   ** This may be overriding desired ventilation controls. Check inputs for Minimum Outdoor Air Flow Rate, Minimum Outdoor Air Schedule Name and Controller:MechanicalVentilation
   **   ~~~   ** Minimum OA fraction = 0.9698, Mech Vent OA fraction = 0.1926
   **   ~~~   **  Environment=RUN PERIOD 1, at Simulation time=01/01 00:00 - 01:00
   ** Warning ** CalcOAController: Minimum OA fraction > Mechanical Ventilation Controller request for Controller:OutdoorAir=ZONE OFFICE WHOLEBUILDING - MD OFFICE C END_B - STORY GROUND PSZ-AC OA SYSTEM CONTROLLER, Min OA fraction is used.
   **   ~~~   ** This may be overriding desired ventilation controls. Check inputs for Minimum Outdoor Air Flow Rate, Minimum Outdoor Air Schedule Name and Controller:MechanicalVentilation
   **   ~~~   ** Minimum OA fraction = 0.9702, Mech Vent OA fraction = 0.1911
   **   ~~~   **  Environment=RUN PERIOD 1, at Simulation time=01/01 00:00 - 01:00
   ** Warning ** In Output:Table:Monthly 'BUILDING ENERGY PERFORMANCE - ELECTRICITY' invalid Variable or Meter Name 'EXTERIOREQUIPMENT:ELECTRICITY'
   ** Warning ** In Output:Table:Monthly 'BUILDING ENERGY PERFORMANCE - ELECTRICITY' invalid Variable or Meter Name 'HEATREJECTION:ELECTRICITY'
   ** Warning ** In Output:Table:Monthly 'BUILDING ENERGY PERFORMANCE - ELECTRICITY' invalid Variable or Meter Name 'HUMIDIFIER:ELECTRICITY'
   ** Warning ** In Output:Table:Monthly 'BUILDING ENERGY PERFORMANCE - ELECTRICITY' invalid Variable or Meter Name 'HEATRECOVERY:ELECTRICITY'
   ** Warning ** In Output:Table:Monthly 'BUILDING ENERGY PERFORMANCE - ELECTRICITY' invalid Variable or Meter Name 'COGENERATION:ELECTRICITY'
   ** Warning ** In Output:Table:Monthly 'BUILDING ENERGY PERFORMANCE - ELECTRICITY' invalid Variable or Meter Name 'REFRIGERATION:ELECTRICITY'
   ** Warning ** In Output:Table:Monthly 'BUILDING ENERGY PERFORMANCE - NATURAL GAS' invalid Variable or Meter Name 'INTERIOREQUIPMENT:NATURALGAS'
   ** Warning ** In Output:Table:Monthly 'BUILDING ENERGY PERFORMANCE - NATURAL GAS' invalid Variable or Meter Name 'EXTERIOREQUIPMENT:NATURALGAS'
   ** Warning ** In Output:Table:Monthly 'BUILDING ENERGY PERFORMANCE - NATURAL GAS' invalid Variable or Meter Name 'COOLING:NATURALGAS'
   ** Warning ** In Output:Table:Monthly 'BUILDING ENERGY PERFORMANCE - NATURAL GAS' invalid Variable or Meter Name 'COGENERATION:NATURALGAS'
   ** Warning ** In Output:Table:Monthly 'BUILDING ENERGY PERFORMANCE - DISTRICT HEATING' invalid Variable or Meter Name 'INTERIORLIGHTS:DISTRICTHEATING'
   ** Warning ** In Output:Table:Monthly 'BUILDING ENERGY PERFORMANCE - DISTRICT HEATING' invalid Variable or Meter Name 'EXTERIORLIGHTS:DISTRICTHEATING'
   ** Warning ** In Output:Table:Monthly 'BUILDING ENERGY PERFORMANCE - DISTRICT HEATING' invalid Variable or Meter Name 'INTERIOREQUIPMENT:DISTRICTHEATING'
   ** Warning ** In Output:Table:Monthly 'BUILDING ENERGY PERFORMANCE - DISTRICT HEATING' invalid Variable or Meter Name 'EXTERIOREQUIPMENT:DISTRICTHEATING'
   ** Warning ** In Output:Table:Monthly 'BUILDING ENERGY PERFORMANCE - DISTRICT HEATING' invalid Variable or Meter Name 'FANS:DISTRICTHEATING'
   ** Warning ** In Output:Table:Monthly 'BUILDING ENERGY PERFORMANCE - DISTRICT HEATING' invalid Variable or Meter Name 'PUMPS:DISTRICTHEATING'
   ** Warning ** In Output:Table:Monthly 'BUILDING ENERGY PERFORMANCE - DISTRICT HEATING' invalid Variable or Meter Name 'HEATING:DISTRICTHEATING'
   ** Warning ** In Output:Table:Monthly 'BUILDING ENERGY PERFORMANCE - DISTRICT HEATING' invalid Variable or Meter Name 'COOLING:DISTRICTHEATING'
   ** Warning ** In Output:Table:Monthly 'BUILDING ENERGY PERFORMANCE - DISTRICT HEATING' invalid Variable or Meter Name 'HEATREJECTION:DISTRICTHEATING'
   ** Warning ** In Output:Table:Monthly 'BUILDING ENERGY PERFORMANCE - DISTRICT HEATING' invalid Variable or Meter Name 'HUMIDIFIER:DISTRICTHEATING'
   ** Warning ** In Output:Table:Monthly 'BUILDING ENERGY PERFORMANCE - DISTRICT HEATING' invalid Variable or Meter Name 'HEATRECOVERY:DISTRICTHEATING'
   ** Warning ** In Output:Table:Monthly 'BUILDING ENERGY PERFORMANCE - DISTRICT HEATING' invalid Variable or Meter Name 'WATERSYSTEMS:DISTRICTHEATING'
   ** Warning ** In Output:Table:Monthly 'BUILDING ENERGY PERFORMANCE - DISTRICT HEATING' invalid Variable or Meter Name 'COGENERATION:DISTRICTHEATING'
   ** Warning ** In Output:Table:Monthly 'BUILDING ENERGY PERFORMANCE - DISTRICT COOLING' invalid Variable or Meter Name 'INTERIORLIGHTS:DISTRICTCOOLING'
   ** Warning ** In Output:Table:Monthly 'BUILDING ENERGY PERFORMANCE - DISTRICT COOLING' invalid Variable or Meter Name 'EXTERIORLIGHTS:DISTRICTCOOLING'
   ** Warning ** In Output:Table:Monthly 'BUILDING ENERGY PERFORMANCE - DISTRICT COOLING' invalid Variable or Meter Name 'INTERIOREQUIPMENT:DISTRICTCOOLING'
   ** Warning ** In Output:Table:Monthly 'BUILDING ENERGY PERFORMANCE - DISTRICT COOLING' invalid Variable or Meter Name 'EXTERIOREQUIPMENT:DISTRICTCOOLING'
   ** Warning ** In Output:Table:Monthly 'BUILDING ENERGY PERFORMANCE - DISTRICT COOLING' invalid Variable or Meter Name 'FANS:DISTRICTCOOLING'
   ** Warning ** In Output:Table:Monthly 'BUILDING ENERGY PERFORMANCE - DISTRICT COOLING' invalid Variable or Meter Name 'PUMPS:DISTRICTCOOLING'
   ** Warning ** In Output:Table:Monthly 'BUILDING ENERGY PERFORMANCE - DISTRICT COOLING' invalid Variable or Meter Name 'HEATING:DISTRICTCOOLING'
   ** Warning ** In Output:Table:Monthly 'BUILDING ENERGY PERFORMANCE - DISTRICT COOLING' invalid Variable or Meter Name 'COOLING:DISTRICTCOOLING'
   ** Warning ** In Output:Table:Monthly 'BUILDING ENERGY PERFORMANCE - DISTRICT COOLING' invalid Variable or Meter Name 'HEATREJECTION:DISTRICTCOOLING'
   ** Warning ** In Output:Table:Monthly 'BUILDING ENERGY PERFORMANCE - DISTRICT COOLING' invalid Variable or Meter Name 'HUMIDIFIER:DISTRICTCOOLING'
   ** Warning ** In Output:Table:Monthly 'BUILDING ENERGY PERFORMANCE - DISTRICT COOLING' invalid Variable or Meter Name 'HEATRECOVERY:DISTRICTCOOLING'
   ** Warning ** In Output:Table:Monthly 'BUILDING ENERGY PERFORMANCE - DISTRICT COOLING' invalid Variable or Meter Name 'WATERSYSTEMS:DISTRICTCOOLING'
   ** Warning ** In Output:Table:Monthly 'BUILDING ENERGY PERFORMANCE - DISTRICT COOLING' invalid Variable or Meter Name 'COGENERATION:DISTRICTCOOLING'
   ** Warning ** In Output:Table:Monthly 'BUILDING ENERGY PERFORMANCE - ELECTRICITY PEAK DEMAND' invalid Variable or Meter Name 'EXTERIOREQUIPMENT:ELECTRICITY'
   ** Warning ** In Output:Table:Monthly 'BUILDING ENERGY PERFORMANCE - ELECTRICITY PEAK DEMAND' invalid Variable or Meter Name 'HEATREJECTION:ELECTRICITY'
   ** Warning ** In Output:Table:Monthly 'BUILDING ENERGY PERFORMANCE - ELECTRICITY PEAK DEMAND' invalid Variable or Meter Name 'HUMIDIFIER:ELECTRICITY'
   ** Warning ** In Output:Table:Monthly 'BUILDING ENERGY PERFORMANCE - ELECTRICITY PEAK DEMAND' invalid Variable or Meter Name 'HEATRECOVERY:ELECTRICITY'
   ** Warning ** In Output:Table:Monthly 'BUILDING ENERGY PERFORMANCE - ELECTRICITY PEAK DEMAND' invalid Variable or Meter Name 'COGENERATION:ELECTRICITY'
   ** Warning ** In Output:Table:Monthly 'BUILDING ENERGY PERFORMANCE - NATURAL GAS PEAK DEMAND' invalid Variable or Meter Name 'INTERIOREQUIPMENT:NATURALGAS'
   ** Warning ** In Output:Table:Monthly 'BUILDING ENERGY PERFORMANCE - NATURAL GAS PEAK DEMAND' invalid Variable or Meter Name 'EXTERIOREQUIPMENT:NATURALGAS'
   ** Warning ** In Output:Table:Monthly 'BUILDING ENERGY PERFORMANCE - NATURAL GAS PEAK DEMAND' invalid Variable or Meter Name 'COOLING:NATURALGAS'
   ** Warning ** In Output:Table:Monthly 'BUILDING ENERGY PERFORMANCE - NATURAL GAS PEAK DEMAND' invalid Variable or Meter Name 'COGENERATION:NATURALGAS'
   ** Warning ** In Output:Table:Monthly 'BUILDING ENERGY PERFORMANCE - DISTRICT HEATING PEAK DEMAND' invalid Variable or Meter Name 'DISTRICTHEATING:FACILITY'
   ** Warning ** In Output:Table:Monthly 'BUILDING ENERGY PERFORMANCE - DISTRICT HEATING PEAK DEMAND' invalid Variable or Meter Name 'INTERIORLIGHTS:DISTRICTHEATING'
   ** Warning ** In Output:Table:Monthly 'BUILDING ENERGY PERFORMANCE - DISTRICT HEATING PEAK DEMAND' invalid Variable or Meter Name 'EXTERIORLIGHTS:DISTRICTHEATING'
   ** Warning ** In Output:Table:Monthly 'BUILDING ENERGY PERFORMANCE - DISTRICT HEATING PEAK DEMAND' invalid Variable or Meter Name 'INTERIOREQUIPMENT:DISTRICTHEATING'
   ** Warning ** In Output:Table:Monthly 'BUILDING ENERGY PERFORMANCE - DISTRICT HEATING PEAK DEMAND' invalid Variable or Meter Name 'EXTERIOREQUIPMENT:DISTRICTHEATING'
   ** Warning ** In Output:Table:Monthly 'BUILDING ENERGY PERFORMANCE - DISTRICT HEATING PEAK DEMAND' invalid Variable or Meter Name 'FANS:DISTRICTHEATING'
   ** Warning ** In Output:Table:Monthly 'BUILDING ENERGY PERFORMANCE - DISTRICT HEATING PEAK DEMAND' invalid Variable or Meter Name 'PUMPS:DISTRICTHEATING'
   ** Warning ** In Output:Table:Monthly 'BUILDING ENERGY PERFORMANCE - DISTRICT HEATING PEAK DEMAND' invalid Variable or Meter Name 'HEATING:DISTRICTHEATING'
   ** Warning ** In Output:Table:Monthly 'BUILDING ENERGY PERFORMANCE - DISTRICT HEATING PEAK DEMAND' invalid Variable or Meter Name 'COOLING:DISTRICTHEATING'
   ** Warning ** In Output:Table:Monthly 'BUILDING ENERGY PERFORMANCE - DISTRICT HEATING PEAK DEMAND' invalid Variable or Meter Name 'HEATREJECTION:DISTRICTHEATING'
   ** Warning ** In Output:Table:Monthly 'BUILDING ENERGY PERFORMANCE - DISTRICT HEATING PEAK DEMAND' invalid Variable or Meter Name 'HUMIDIFIER:DISTRICTHEATING'
   ** Warning ** In Output:Table:Monthly 'BUILDING ENERGY PERFORMANCE - DISTRICT HEATING PEAK DEMAND' invalid Variable or Meter Name 'HEATRECOVERY:DISTRICTHEATING'
   ** Warning ** In Output:Table:Monthly 'BUILDING ENERGY PERFORMANCE - DISTRICT HEATING PEAK DEMAND' invalid Variable or Meter Name 'WATERSYSTEMS:DISTRICTHEATING'
   ** Warning ** In Output:Table:Monthly 'BUILDING ENERGY PERFORMANCE - DISTRICT HEATING PEAK DEMAND' invalid Variable or Meter Name 'COGENERATION:DISTRICTHEATING'
   ** Warning ** In Output:Table:Monthly 'BUILDING ENERGY PERFORMANCE - DISTRICT COOLING PEAK DEMAND' invalid Variable or Meter Name 'DISTRICTCOOLING:FACILITY'
   ** Warning ** In Output:Table:Monthly 'BUILDING ENERGY PERFORMANCE - DISTRICT COOLING PEAK DEMAND' invalid Variable or Meter Name 'INTERIORLIGHTS:DISTRICTCOOLING'
   ** Warning ** In Output:Table:Monthly 'BUILDING ENERGY PERFORMANCE - DISTRICT COOLING PEAK DEMAND' invalid Variable or Meter Name 'EXTERIORLIGHTS:DISTRICTCOOLING'
   ** Warning ** In Output:Table:Monthly 'BUILDING ENERGY PERFORMANCE - DISTRICT COOLING PEAK DEMAND' invalid Variable or Meter Name 'INTERIOREQUIPMENT:DISTRICTCOOLING'
   ** Warning ** In Output:Table:Monthly 'BUILDING ENERGY PERFORMANCE - DISTRICT COOLING PEAK DEMAND' invalid Variable or Meter Name 'EXTERIOREQUIPMENT:DISTRICTCOOLING'
   ** Warning ** In Output:Table:Monthly 'BUILDING ENERGY PERFORMANCE - DISTRICT COOLING PEAK DEMAND' invalid Variable or Meter Name 'FANS:DISTRICTCOOLING'
   ** Warning ** In Output:Table:Monthly 'BUILDING ENERGY PERFORMANCE - DISTRICT COOLING PEAK DEMAND' invalid Variable or Meter Name 'PUMPS:DISTRICTCOOLING'
   ** Warning ** In Output:Table:Monthly 'BUILDING ENERGY PERFORMANCE - DISTRICT COOLING PEAK DEMAND' invalid Variable or Meter Name 'HEATING:DISTRICTCOOLING'
   ** Warning ** In Output:Table:Monthly 'BUILDING ENERGY PERFORMANCE - DISTRICT COOLING PEAK DEMAND' invalid Variable or Meter Name 'COOLING:DISTRICTCOOLING'
   ** Warning ** In Output:Table:Monthly 'BUILDING ENERGY PERFORMANCE - DISTRICT COOLING PEAK DEMAND' invalid Variable or Meter Name 'HEATREJECTION:DISTRICTCOOLING'
   ** Warning ** In Output:Table:Monthly 'BUILDING ENERGY PERFORMANCE - DISTRICT COOLING PEAK DEMAND' invalid Variable or Meter Name 'HUMIDIFIER:DISTRICTCOOLING'
   ** Warning ** In Output:Table:Monthly 'BUILDING ENERGY PERFORMANCE - DISTRICT COOLING PEAK DEMAND' invalid Variable or Meter Name 'HEATRECOVERY:DISTRICTCOOLING'
   ** Warning ** In Output:Table:Monthly 'BUILDING ENERGY PERFORMANCE - DISTRICT COOLING PEAK DEMAND' invalid Variable or Meter Name 'WATERSYSTEMS:DISTRICTCOOLING'
   ** Warning ** In Output:Table:Monthly 'BUILDING ENERGY PERFORMANCE - DISTRICT COOLING PEAK DEMAND' invalid Variable or Meter Name 'COGENERATION:DISTRICTCOOLING'
   ** Warning ** Processing Monthly Tabular Reports: Variable names not valid for this simulation
   **   ~~~   ** ...use Output:Diagnostics,DisplayExtraWarnings; to show more details on individual variables.
   ** Warning ** CalcEquipmentFlowRates: "OFFICE WHOLEBUILDING - MD OFFICE - DOE REF 1980-2004 SERVICE WATER USE 0.13GPM AT 140F" - Target water temperature is greater than the hot water temperature by (40.39 C)
   **   ~~~   **  Environment=RUN PERIOD 1, at Simulation time=01/01 04:00 - 05:00
   **   ~~~   ** ...target water temperature     = 60.00 C
   **   ~~~   ** ...hot water temperature        = 19.61 C
   **   ~~~   ** ...Target water temperature should be less than or equal to the hot water temperature. Verify temperature setpoints and schedules.
   ** Warning ** More than 4% of time (350.4 hours) uncomfortable in one or more zones 
   **   ~~~   ** Based on ASHRAE 55-2004 graph (Section 5.2.1.1)
   **   ~~~   ** During Environment [01/01/2006 - 12/31/2006]: RUN PERIOD 1
   **   ~~~   ** 3496.0 hours were uncomfortable in zone: ZONE OFFICE WHOLEBUILDING - MD OFFICE A  - STORY GROUND
   **   ~~~   ** 4059.0 hours were uncomfortable in zone: ZONE OFFICE WHOLEBUILDING - MD OFFICE A END_A - STORY GROUND
   **   ~~~   ** 4014.0 hours were uncomfortable in zone: ZONE OFFICE WHOLEBUILDING - MD OFFICE A END_B - STORY GROUND
   **   ~~~   ** 352.0 hours were uncomfortable in zone: ZONE OFFICE WHOLEBUILDING - MD OFFICE B  - STORY GROUND
   **   ~~~   ** 3625.0 hours were uncomfortable in zone: ZONE OFFICE WHOLEBUILDING - MD OFFICE B END_A - STORY GROUND
   **   ~~~   ** 3539.0 hours were uncomfortable in zone: ZONE OFFICE WHOLEBUILDING - MD OFFICE B END_B - STORY GROUND
   **   ~~~   ** 3700.0 hours were uncomfortable in zone: ZONE OFFICE WHOLEBUILDING - MD OFFICE C  - STORY GROUND
   **   ~~~   ** 4173.0 hours were uncomfortable in zone: ZONE OFFICE WHOLEBUILDING - MD OFFICE C END_A - STORY GROUND
   **   ~~~   ** 4142.0 hours were uncomfortable in zone: ZONE OFFICE WHOLEBUILDING - MD OFFICE C END_B - STORY GROUND
   ** Warning ** The resource referenced by LifeCycleCost:UsePriceEscalation= "U.S. AVG  COMMERCIAL-ELECTRICITY" has no energy cost. 
   **   ~~~   ** ... It is likely that the wrong resource is used. The resource should match the meter used in Utility:Tariff.
   ** Warning ** The resource referenced by LifeCycleCost:UsePriceEscalation= "U.S. AVG  COMMERCIAL-DISTILLATE OIL" has no energy cost. 
   **   ~~~   ** ... It is likely that the wrong resource is used. The resource should match the meter used in Utility:Tariff.
   ** Warning ** The resource referenced by LifeCycleCost:UsePriceEscalation= "U.S. AVG  COMMERCIAL-RESIDUAL OIL" has no energy cost. 
   **   ~~~   ** ... It is likely that the wrong resource is used. The resource should match the meter used in Utility:Tariff.
   ** Warning ** The resource referenced by LifeCycleCost:UsePriceEscalation= "U.S. AVG  COMMERCIAL-NATURAL GAS" has no energy cost. 
   **   ~~~   ** ... It is likely that the wrong resource is used. The resource should match the meter used in Utility:Tariff.
   ** Warning ** The resource referenced by LifeCycleCost:UsePriceEscalation= "U.S. AVG  COMMERCIAL-COAL" has no energy cost. 
   **   ~~~   ** ... It is likely that the wrong resource is used. The resource should match the meter used in Utility:Tariff.
   ************* Simulation Error Summary *************
   ************* There are 8 unused schedules in input.
   ************* There are 16 unused week schedules in input.
   ************* There are 46 unused day schedules in input.
   ************* Use Output:Diagnostics,DisplayUnusedSchedules; to see them.
   *************
   ************* ===== Recurring Error Summary =====
   ************* The following recurring error messages occurred.
   *************
   *************  ** Warning ** Controller:OutdoorAir="ZONE OFFICE WHOLEBUILDING - MD OFFICE A  - STORY GROUND PSZ-AC OA SYSTEM CONTROLLER": Min OA fraction > Mechanical ventilation OA fraction, continues...
   *************  **   ~~~   **   This error occurred 33383 total times;
   *************  **   ~~~   **   during Warmup 0 times;
   *************  **   ~~~   **   during Sizing 0 times.
   *************  **   ~~~   **   Max=0.218838  Min=0.218838
   *************
   *************  ** Warning ** Controller:OutdoorAir="ZONE OFFICE WHOLEBUILDING - MD OFFICE A END_A - STORY GROUND PSZ-AC OA SYSTEM CONTROLLER": Min OA fraction > Mechanical ventilation OA fraction, continues...
   *************  **   ~~~   **   This error occurred 45287 total times;
   *************  **   ~~~   **   during Warmup 0 times;
   *************  **   ~~~   **   during Sizing 0 times.
   *************  **   ~~~   **   Max=0.89559  Min=0.89559
   *************
   *************  ** Warning ** Controller:OutdoorAir="ZONE OFFICE WHOLEBUILDING - MD OFFICE A END_B - STORY GROUND PSZ-AC OA SYSTEM CONTROLLER": Min OA fraction > Mechanical ventilation OA fraction, continues...
   *************  **   ~~~   **   This error occurred 45161 total times;
   *************  **   ~~~   **   during Warmup 0 times;
   *************  **   ~~~   **   during Sizing 0 times.
   *************  **   ~~~   **   Max=0.883922  Min=0.883922
   *************
   *************  ** Warning ** Controller:OutdoorAir="ZONE OFFICE WHOLEBUILDING - MD OFFICE B END_A - STORY GROUND PSZ-AC OA SYSTEM CONTROLLER": Min OA fraction > Mechanical ventilation OA fraction, continues...
   *************  **   ~~~   **   This error occurred 35207 total times;
   *************  **   ~~~   **   during Warmup 0 times;
   *************  **   ~~~   **   during Sizing 0 times.
   *************  **   ~~~   **   Max=0.365873  Min=0.365873
   *************
   *************  ** Warning ** Controller:OutdoorAir="ZONE OFFICE WHOLEBUILDING - MD OFFICE B END_B - STORY GROUND PSZ-AC OA SYSTEM CONTROLLER": Min OA fraction > Mechanical ventilation OA fraction, continues...
   *************  **   ~~~   **   This error occurred 34943 total times;
   *************  **   ~~~   **   during Warmup 0 times;
   *************  **   ~~~   **   during Sizing 0 times.
   *************  **   ~~~   **   Max=0.349518  Min=0.349518
   *************
   *************  ** Warning ** Controller:OutdoorAir="ZONE OFFICE WHOLEBUILDING - MD OFFICE C  - STORY GROUND PSZ-AC OA SYSTEM CONTROLLER": Min OA fraction > Mechanical ventilation OA fraction, continues...
   *************  **   ~~~   **   This error occurred 36677 total times;
   *************  **   ~~~   **   during Warmup 0 times;
   *************  **   ~~~   **   during Sizing 0 times.
   *************  **   ~~~   **   Max=0.239697  Min=0.239697
   *************
   *************  ** Warning ** Controller:OutdoorAir="ZONE OFFICE WHOLEBUILDING - MD OFFICE C END_A - STORY GROUND PSZ-AC OA SYSTEM CONTROLLER": Min OA fraction > Mechanical ventilation OA fraction, continues...
   *************  **   ~~~   **   This error occurred 46637 total times;
   *************  **   ~~~   **   during Warmup 0 times;
   *************  **   ~~~   **   during Sizing 0 times.
   *************  **   ~~~   **   Max=0.969754  Min=0.969754
   *************
   *************  ** Warning ** Controller:OutdoorAir="ZONE OFFICE WHOLEBUILDING - MD OFFICE C END_B - STORY GROUND PSZ-AC OA SYSTEM CONTROLLER": Min OA fraction > Mechanical ventilation OA fraction, continues...
   *************  **   ~~~   **   This error occurred 46493 total times;
   *************  **   ~~~   **   during Warmup 0 times;
   *************  **   ~~~   **   during Sizing 0 times.
   *************  **   ~~~   **   Max=0.970166  Min=0.970166
   *************
   *************  ** Warning ** "OFFICE WHOLEBUILDING - MD OFFICE - DOE REF 1980-2004 SERVICE WATER USE 0.13GPM AT 140F" - Target water temperature should be less than or equal to the hot water temperature error continues...
   *************  **   ~~~   **   This error occurred 150007 total times;
   *************  **   ~~~   **   during Warmup 0 times;
   *************  **   ~~~   **   during Sizing 0 times.
   *************  **   ~~~   **   Max=40.394044  Min=25.11143
   *************
   *************
   ************* ===== Final Error Summary =====
   ************* The following error categories occurred.  Consider correcting or noting.
   ************* Nominally Unused Constructions
   ************* ..The nominally unused constructions warning is provided to alert you to potential conditions that can cause
   ************* ..extra time during simulation. Each construction is calculated by the algorithm indicated in the HeatBalanceAlgorithm
   ************* ..object. You may remove the constructions indicated (when you use the DisplayExtraWarnings option).
   *************
   ************* EnergyPlus Warmup Error Summary. During Warmup: 0 Warning; 0 Severe Errors.
   ************* EnergyPlus Sizing Error Summary. During Sizing: 57 Warning; 1 Severe Errors.
   ************* EnergyPlus Completed Successfully-- 473967 Warning; 1 Severe Errors; Elapsed Time=00hr 00min  6.53sec
