[12:10:58.742670 WARN] Set Pipe:Indoor ambient temp schedules to 67.3F to avoid E+ issue 9650, remove once fixed.
[12:11:37.089646 WARN] [openstudio.standards.Construction] Can only set the u-value of opaque constructions or simple glazing. U 0.42 SHGC 0.45 Dbl Ref-D Clr 6mm/13mm Arg is not opaque or simple glazing.
[12:11:37.089808 WARN] [openstudio.standards.Construction] Can only set the u-value of opaque constructions or simple glazing. U 0.72 SHGC 0.25 Sgl Ref-B-M Tint 6mm is not opaque or simple glazing.
[12:11:37.089991 WARN] [openstudio.standards.Construction] Can only set the u-value of opaque constructions or simple glazing. U 0.98 SHGC 0.45 Sgl Ref-B-H Clr 6mm is not opaque or simple glazing.
[12:11:37.092022 WARN] [openstudio.energyplus.SqlFile] Using EnergyPlusVersion version 22.2.0 which should have 'Year' field, but it's always zero
[12:11:37.092045 WARN] [openstudio.model.Model] The run completed but had the following severe errors: WaterHeater:Mixed = 40GAL ELECTRICITY WATER HEATER - 40KBTU/HR 1.0 THERM EFF:  Ambient Temperature Zone not found =
[12:11:37.095583 WARN] [openstudio.standards.Model] For Office WholeBuilding - Sm Office People, Air Velocity Schedule is not setup as parametric schedule. It has 2 sources.
[12:11:37.095608 WARN] [openstudio.standards.Model] For Building Hours of Operation NonResidential Sunday Rule, Building Hours of Operation NonResidential is not setup as parametric schedule. It has 3 sources.
[12:11:37.095630 WARN] [openstudio.standards.Model] For Office WholeBuilding - Sm Office People, Clothing Schedule is not setup as parametric schedule. It has 3 sources.
[12:11:37.095644 WARN] [openstudio.standards.Model] For Main Service Water Use Def 0.06gpm, Fraction Latent - 0.05 is not setup as parametric schedule. It has 2 sources.
[12:11:37.095656 WARN] [openstudio.standards.Model] For Main Service Water Use Def 0.06gpm, Fraction Sensible - 0.2 is not setup as parametric schedule. It has 2 sources.
[12:11:37.095668 WARN] [openstudio.standards.Model] For Main Service Water Use Def 0.06gpm, Mixed Water At Faucet Temp - 140F is not setup as parametric schedule. It has 2 sources.
[12:11:37.095684 WARN] [openstudio.standards.Model] For Office Shared Service Water Loop Pipe 201.49441679609882ft, Office Shared Service Water Loop Piping Air Velocity - 0.67mph is not setup as parametric schedule. It has 1 sources.
[12:11:37.095697 WARN] [openstudio.standards.Model] For Office Attic Schedule Set, OfficeLarge INFIL_SCH_PNNL is not setup as parametric schedule. It has 3 sources.
[12:11:37.095707 WARN] [openstudio.standards.Model] For Schedule Rule 7, OfficeSmall BLDG_EQUIP_SCH_2013 is not setup as parametric schedule. It has 2 sources.
[12:11:37.095718 WARN] [openstudio.standards.Model] For Schedule Rule 5, OfficeSmall BLDG_LIGHT_SCH_2013 is not setup as parametric schedule. It has 2 sources.
[12:11:37.095742 WARN] [openstudio.standards.Model] For NonDimming Exterior Lights Def, OfficeSmall Exterior_lighting_schedule_a is not setup as parametric schedule. It has 1 sources.
[12:11:37.095753 WARN] [openstudio.standards.Model] For Occ Sensing Exterior Lights Def, OfficeSmall Exterior_lighting_schedule_b is not setup as parametric schedule. It has 1 sources.
[12:11:37.095764 WARN] [openstudio.standards.Model] For Schedule Rule 13, OfficeSmall HVACOperationSchd is not setup as parametric schedule. It has 1 sources.
[12:11:37.095781 WARN] [openstudio.standards.Model] For Schedule Rule 15, OfficeSmall INFIL_Door_Opening_SCH_2013 is not setup as parametric schedule. It has 1 sources.
[12:11:37.095794 WARN] [openstudio.standards.Model] For Office WholeBuilding - Sm Office Schedule Set, OfficeSmall INFIL_QUARTER_ON_SCH is not setup as parametric schedule. It has 4 sources.
[12:11:37.095806 WARN] [openstudio.standards.Model] For Schedule Rule 14, OfficeSmall MinOA_MotorizedDamper_Sched is not setup as parametric schedule. It has 1 sources.
[12:11:37.095817 WARN] [openstudio.standards.Model] For Service hot water setpoint manager 1, Service Water Loop Temp - 140F is not setup as parametric schedule. It has 4 sources.
[12:11:37.095840 WARN] [openstudio.standards.Model] For 40gal NaturalGas Water Heater - 6kBtu/hr, Water Heater Ambient Temp Schedule - 71.6f is not setup as parametric schedule. It has 1 sources.
[12:11:37.095853 WARN] [openstudio.standards.Model] For Office WholeBuilding - Sm Office People, Work Efficiency Schedule is not setup as parametric schedule. It has 2 sources.
[12:11:37.097365 WARN] [openstudio.energyplus.SqlFile] Using EnergyPlusVersion version 22.2.0 which should have 'Year' field, but it's always zero
[12:11:37.097386 WARN] [openstudio.model.Model] The run completed but had the following severe errors: WaterHeater:Mixed = 40GAL ELECTRICITY WATER HEATER - 40KBTU/HR 1.0 THERM EFF:  Ambient Temperature Zone not found =
[12:11:37.099506 WARN] [openstudio.standards.Model] Find object search criteria returned 2 results, the first one will be returned. Called from :/ruby/2.7.0/gems/openstudio-standards-0.3.0/lib/openstudio-standards/standards/Standards.CoilCoolingDXSingleSpeed.rb:191:in `coil_cooling_dx_single_speed_apply_efficiency_and_curves'. 
 Search criteria: 
 {"template"=>"90.1-2010", "cooling_type"=>"AirCooled", "subcategory"=>"Single Package"}, capacity = 22111.908770614496 
  All results: 
 {"template"=>"90.1-2010", "cooling_type"=>"AirCooled", "heating_type"=>"All Other", "subcategory"=>"Single Package", "minimum_capacity"=>0.0, "maximum_capacity"=>64999.0, "start_date"=>"1919-09-09T00:00:00+00:00", "end_date"=>"2999-09-09T00:00:00+00:00", "minimum_seasonal_energy_efficiency_ratio"=>13.0, "minimum_energy_efficiency_ratio"=>nil, "minimum_integrated_part_load_value"=>nil, "minimum_integrated_energy_efficiency_ratio"=>nil, "ptac_eer_coefficient_1"=>nil, "ptac_eer_coefficient_2"=>nil, "minimum_scop"=>nil, "cool_cap_ft"=>"PSZ-Fine Storage DX Coil Cap-FT", "cool_cap_fflow"=>"DX Coil Cap-FF", "cool_eir_ft"=>"PSZ-AC DX Coil EIR-FT", "cool_eir_fflow"=>"Split DX Coil EIR-FF", "cool_plf_fplr"=>"HPACCOOLPLFFPLR", "notes"=>nil}
{"template"=>"90.1-2010", "cooling_type"=>"AirCooled", "heating_type"=>"Electric Resistance or None", "subcategory"=>"Single Package", "minimum_capacity"=>0.0, "maximum_capacity"=>64999.0, "start_date"=>"1919-09-09T00:00:00+00:00", "end_date"=>"2999-09-09T00:00:00+00:00", "minimum_seasonal_energy_efficiency_ratio"=>13.0, "minimum_energy_efficiency_ratio"=>nil, "minimum_integrated_part_load_value"=>nil, "minimum_integrated_energy_efficiency_ratio"=>nil, "ptac_eer_coefficient_1"=>nil, "ptac_eer_coefficient_2"=>nil, "minimum_scop"=>nil, "cool_cap_ft"=>"PSZ-Fine Storage DX Coil Cap-FT", "cool_cap_fflow"=>"DX Coil Cap-FF", "cool_eir_ft"=>"PSZ-AC DX Coil EIR-FT", "cool_eir_fflow"=>"Split DX Coil EIR-FF", "cool_plf_fplr"=>"HPACCOOLPLFFPLR", "notes"=>nil}
[12:11:37.099537 WARN] [openstudio.standards.Model] Find object search criteria returned 2 results, the first one will be returned. Called from :/ruby/2.7.0/gems/openstudio-standards-0.3.0/lib/openstudio-standards/standards/Standards.CoilCoolingDXSingleSpeed.rb:61:in `coil_cooling_dx_single_speed_standard_minimum_cop'. 
 Search criteria: 
 {"template"=>"90.1-2010", "cooling_type"=>"AirCooled", "subcategory"=>"Single Package"}, capacity = 22111.908770614496 
  All results: 
 {"template"=>"90.1-2010", "cooling_type"=>"AirCooled", "heating_type"=>"All Other", "subcategory"=>"Single Package", "minimum_capacity"=>0.0, "maximum_capacity"=>64999.0, "start_date"=>"1919-09-09T00:00:00+00:00", "end_date"=>"2999-09-09T00:00:00+00:00", "minimum_seasonal_energy_efficiency_ratio"=>13.0, "minimum_energy_efficiency_ratio"=>nil, "minimum_integrated_part_load_value"=>nil, "minimum_integrated_energy_efficiency_ratio"=>nil, "ptac_eer_coefficient_1"=>nil, "ptac_eer_coefficient_2"=>nil, "minimum_scop"=>nil, "cool_cap_ft"=>"PSZ-Fine Storage DX Coil Cap-FT", "cool_cap_fflow"=>"DX Coil Cap-FF", "cool_eir_ft"=>"PSZ-AC DX Coil EIR-FT", "cool_eir_fflow"=>"Split DX Coil EIR-FF", "cool_plf_fplr"=>"HPACCOOLPLFFPLR", "notes"=>nil}
{"template"=>"90.1-2010", "cooling_type"=>"AirCooled", "heating_type"=>"Electric Resistance or None", "subcategory"=>"Single Package", "minimum_capacity"=>0.0, "maximum_capacity"=>64999.0, "start_date"=>"1919-09-09T00:00:00+00:00", "end_date"=>"2999-09-09T00:00:00+00:00", "minimum_seasonal_energy_efficiency_ratio"=>13.0, "minimum_energy_efficiency_ratio"=>nil, "minimum_integrated_part_load_value"=>nil, "minimum_integrated_energy_efficiency_ratio"=>nil, "ptac_eer_coefficient_1"=>nil, "ptac_eer_coefficient_2"=>nil, "minimum_scop"=>nil, "cool_cap_ft"=>"PSZ-Fine Storage DX Coil Cap-FT", "cool_cap_fflow"=>"DX Coil Cap-FF", "cool_eir_ft"=>"PSZ-AC DX Coil EIR-FT", "cool_eir_fflow"=>"Split DX Coil EIR-FF", "cool_plf_fplr"=>"HPACCOOLPLFFPLR", "notes"=>nil}
[12:11:37.099639 WARN] [openstudio.standards.Model] Find object search criteria returned 2 results, the first one will be returned. Called from :/ruby/2.7.0/gems/openstudio-standards-0.3.0/lib/openstudio-standards/standards/Standards.CoilCoolingDXSingleSpeed.rb:191:in `coil_cooling_dx_single_speed_apply_efficiency_and_curves'. 
 Search criteria: 
 {"template"=>"90.1-2010", "cooling_type"=>"AirCooled", "subcategory"=>"Single Package"}, capacity = 4218.923533914192 
  All results: 
 {"template"=>"90.1-2010", "cooling_type"=>"AirCooled", "heating_type"=>"All Other", "subcategory"=>"Single Package", "minimum_capacity"=>0.0, "maximum_capacity"=>64999.0, "start_date"=>"1919-09-09T00:00:00+00:00", "end_date"=>"2999-09-09T00:00:00+00:00", "minimum_seasonal_energy_efficiency_ratio"=>13.0, "minimum_energy_efficiency_ratio"=>nil, "minimum_integrated_part_load_value"=>nil, "minimum_integrated_energy_efficiency_ratio"=>nil, "ptac_eer_coefficient_1"=>nil, "ptac_eer_coefficient_2"=>nil, "minimum_scop"=>nil, "cool_cap_ft"=>"PSZ-Fine Storage DX Coil Cap-FT", "cool_cap_fflow"=>"DX Coil Cap-FF", "cool_eir_ft"=>"PSZ-AC DX Coil EIR-FT", "cool_eir_fflow"=>"Split DX Coil EIR-FF", "cool_plf_fplr"=>"HPACCOOLPLFFPLR", "notes"=>nil}
{"template"=>"90.1-2010", "cooling_type"=>"AirCooled", "heating_type"=>"Electric Resistance or None", "subcategory"=>"Single Package", "minimum_capacity"=>0.0, "maximum_capacity"=>64999.0, "start_date"=>"1919-09-09T00:00:00+00:00", "end_date"=>"2999-09-09T00:00:00+00:00", "minimum_seasonal_energy_efficiency_ratio"=>13.0, "minimum_energy_efficiency_ratio"=>nil, "minimum_integrated_part_load_value"=>nil, "minimum_integrated_energy_efficiency_ratio"=>nil, "ptac_eer_coefficient_1"=>nil, "ptac_eer_coefficient_2"=>nil, "minimum_scop"=>nil, "cool_cap_ft"=>"PSZ-Fine Storage DX Coil Cap-FT", "cool_cap_fflow"=>"DX Coil Cap-FF", "cool_eir_ft"=>"PSZ-AC DX Coil EIR-FT", "cool_eir_fflow"=>"Split DX Coil EIR-FF", "cool_plf_fplr"=>"HPACCOOLPLFFPLR", "notes"=>nil}
[12:11:37.099696 WARN] [openstudio.standards.Model] Find object search criteria returned 2 results, the first one will be returned. Called from :/ruby/2.7.0/gems/openstudio-standards-0.3.0/lib/openstudio-standards/standards/Standards.CoilCoolingDXSingleSpeed.rb:61:in `coil_cooling_dx_single_speed_standard_minimum_cop'. 
 Search criteria: 
 {"template"=>"90.1-2010", "cooling_type"=>"AirCooled", "subcategory"=>"Single Package"}, capacity = 4218.923533914192 
  All results: 
 {"template"=>"90.1-2010", "cooling_type"=>"AirCooled", "heating_type"=>"All Other", "subcategory"=>"Single Package", "minimum_capacity"=>0.0, "maximum_capacity"=>64999.0, "start_date"=>"1919-09-09T00:00:00+00:00", "end_date"=>"2999-09-09T00:00:00+00:00", "minimum_seasonal_energy_efficiency_ratio"=>13.0, "minimum_energy_efficiency_ratio"=>nil, "minimum_integrated_part_load_value"=>nil, "minimum_integrated_energy_efficiency_ratio"=>nil, "ptac_eer_coefficient_1"=>nil, "ptac_eer_coefficient_2"=>nil, "minimum_scop"=>nil, "cool_cap_ft"=>"PSZ-Fine Storage DX Coil Cap-FT", "cool_cap_fflow"=>"DX Coil Cap-FF", "cool_eir_ft"=>"PSZ-AC DX Coil EIR-FT", "cool_eir_fflow"=>"Split DX Coil EIR-FF", "cool_plf_fplr"=>"HPACCOOLPLFFPLR", "notes"=>nil}
{"template"=>"90.1-2010", "cooling_type"=>"AirCooled", "heating_type"=>"Electric Resistance or None", "subcategory"=>"Single Package", "minimum_capacity"=>0.0, "maximum_capacity"=>64999.0, "start_date"=>"1919-09-09T00:00:00+00:00", "end_date"=>"2999-09-09T00:00:00+00:00", "minimum_seasonal_energy_efficiency_ratio"=>13.0, "minimum_energy_efficiency_ratio"=>nil, "minimum_integrated_part_load_value"=>nil, "minimum_integrated_energy_efficiency_ratio"=>nil, "ptac_eer_coefficient_1"=>nil, "ptac_eer_coefficient_2"=>nil, "minimum_scop"=>nil, "cool_cap_ft"=>"PSZ-Fine Storage DX Coil Cap-FT", "cool_cap_fflow"=>"DX Coil Cap-FF", "cool_eir_ft"=>"PSZ-AC DX Coil EIR-FT", "cool_eir_fflow"=>"Split DX Coil EIR-FF", "cool_plf_fplr"=>"HPACCOOLPLFFPLR", "notes"=>nil}
[12:11:37.099740 WARN] [openstudio.standards.Model] Find object search criteria returned 2 results, the first one will be returned. Called from :/ruby/2.7.0/gems/openstudio-standards-0.3.0/lib/openstudio-standards/standards/Standards.CoilCoolingDXSingleSpeed.rb:191:in `coil_cooling_dx_single_speed_apply_efficiency_and_curves'. 
 Search criteria: 
 {"template"=>"90.1-2010", "cooling_type"=>"AirCooled", "subcategory"=>"Single Package"}, capacity = 4217.521211348974 
  All results: 
 {"template"=>"90.1-2010", "cooling_type"=>"AirCooled", "heating_type"=>"All Other", "subcategory"=>"Single Package", "minimum_capacity"=>0.0, "maximum_capacity"=>64999.0, "start_date"=>"1919-09-09T00:00:00+00:00", "end_date"=>"2999-09-09T00:00:00+00:00", "minimum_seasonal_energy_efficiency_ratio"=>13.0, "minimum_energy_efficiency_ratio"=>nil, "minimum_integrated_part_load_value"=>nil, "minimum_integrated_energy_efficiency_ratio"=>nil, "ptac_eer_coefficient_1"=>nil, "ptac_eer_coefficient_2"=>nil, "minimum_scop"=>nil, "cool_cap_ft"=>"PSZ-Fine Storage DX Coil Cap-FT", "cool_cap_fflow"=>"DX Coil Cap-FF", "cool_eir_ft"=>"PSZ-AC DX Coil EIR-FT", "cool_eir_fflow"=>"Split DX Coil EIR-FF", "cool_plf_fplr"=>"HPACCOOLPLFFPLR", "notes"=>nil}
{"template"=>"90.1-2010", "cooling_type"=>"AirCooled", "heating_type"=>"Electric Resistance or None", "subcategory"=>"Single Package", "minimum_capacity"=>0.0, "maximum_capacity"=>64999.0, "start_date"=>"1919-09-09T00:00:00+00:00", "end_date"=>"2999-09-09T00:00:00+00:00", "minimum_seasonal_energy_efficiency_ratio"=>13.0, "minimum_energy_efficiency_ratio"=>nil, "minimum_integrated_part_load_value"=>nil, "minimum_integrated_energy_efficiency_ratio"=>nil, "ptac_eer_coefficient_1"=>nil, "ptac_eer_coefficient_2"=>nil, "minimum_scop"=>nil, "cool_cap_ft"=>"PSZ-Fine Storage DX Coil Cap-FT", "cool_cap_fflow"=>"DX Coil Cap-FF", "cool_eir_ft"=>"PSZ-AC DX Coil EIR-FT", "cool_eir_fflow"=>"Split DX Coil EIR-FF", "cool_plf_fplr"=>"HPACCOOLPLFFPLR", "notes"=>nil}
[12:11:37.099805 WARN] [openstudio.standards.Model] Find object search criteria returned 2 results, the first one will be returned. Called from :/ruby/2.7.0/gems/openstudio-standards-0.3.0/lib/openstudio-standards/standards/Standards.CoilCoolingDXSingleSpeed.rb:61:in `coil_cooling_dx_single_speed_standard_minimum_cop'. 
 Search criteria: 
 {"template"=>"90.1-2010", "cooling_type"=>"AirCooled", "subcategory"=>"Single Package"}, capacity = 4217.521211348974 
  All results: 
 {"template"=>"90.1-2010", "cooling_type"=>"AirCooled", "heating_type"=>"All Other", "subcategory"=>"Single Package", "minimum_capacity"=>0.0, "maximum_capacity"=>64999.0, "start_date"=>"1919-09-09T00:00:00+00:00", "end_date"=>"2999-09-09T00:00:00+00:00", "minimum_seasonal_energy_efficiency_ratio"=>13.0, "minimum_energy_efficiency_ratio"=>nil, "minimum_integrated_part_load_value"=>nil, "minimum_integrated_energy_efficiency_ratio"=>nil, "ptac_eer_coefficient_1"=>nil, "ptac_eer_coefficient_2"=>nil, "minimum_scop"=>nil, "cool_cap_ft"=>"PSZ-Fine Storage DX Coil Cap-FT", "cool_cap_fflow"=>"DX Coil Cap-FF", "cool_eir_ft"=>"PSZ-AC DX Coil EIR-FT", "cool_eir_fflow"=>"Split DX Coil EIR-FF", "cool_plf_fplr"=>"HPACCOOLPLFFPLR", "notes"=>nil}
{"template"=>"90.1-2010", "cooling_type"=>"AirCooled", "heating_type"=>"Electric Resistance or None", "subcategory"=>"Single Package", "minimum_capacity"=>0.0, "maximum_capacity"=>64999.0, "start_date"=>"1919-09-09T00:00:00+00:00", "end_date"=>"2999-09-09T00:00:00+00:00", "minimum_seasonal_energy_efficiency_ratio"=>13.0, "minimum_energy_efficiency_ratio"=>nil, "minimum_integrated_part_load_value"=>nil, "minimum_integrated_energy_efficiency_ratio"=>nil, "ptac_eer_coefficient_1"=>nil, "ptac_eer_coefficient_2"=>nil, "minimum_scop"=>nil, "cool_cap_ft"=>"PSZ-Fine Storage DX Coil Cap-FT", "cool_cap_fflow"=>"DX Coil Cap-FF", "cool_eir_ft"=>"PSZ-AC DX Coil EIR-FT", "cool_eir_fflow"=>"Split DX Coil EIR-FF", "cool_plf_fplr"=>"HPACCOOLPLFFPLR", "notes"=>nil}
[12:11:37.099839 WARN] [openstudio.standards.Model] Find object search criteria returned 2 results, the first one will be returned. Called from :/ruby/2.7.0/gems/openstudio-standards-0.3.0/lib/openstudio-standards/standards/Standards.CoilCoolingDXSingleSpeed.rb:191:in `coil_cooling_dx_single_speed_apply_efficiency_and_curves'. 
 Search criteria: 
 {"template"=>"90.1-2010", "cooling_type"=>"AirCooled", "subcategory"=>"Single Package"}, capacity = 52068.66402489097 
  All results: 
 {"template"=>"90.1-2010", "cooling_type"=>"AirCooled", "heating_type"=>"All Other", "subcategory"=>"Single Package", "minimum_capacity"=>0.0, "maximum_capacity"=>64999.0, "start_date"=>"1919-09-09T00:00:00+00:00", "end_date"=>"2999-09-09T00:00:00+00:00", "minimum_seasonal_energy_efficiency_ratio"=>13.0, "minimum_energy_efficiency_ratio"=>nil, "minimum_integrated_part_load_value"=>nil, "minimum_integrated_energy_efficiency_ratio"=>nil, "ptac_eer_coefficient_1"=>nil, "ptac_eer_coefficient_2"=>nil, "minimum_scop"=>nil, "cool_cap_ft"=>"PSZ-Fine Storage DX Coil Cap-FT", "cool_cap_fflow"=>"DX Coil Cap-FF", "cool_eir_ft"=>"PSZ-AC DX Coil EIR-FT", "cool_eir_fflow"=>"Split DX Coil EIR-FF", "cool_plf_fplr"=>"HPACCOOLPLFFPLR", "notes"=>nil}
{"template"=>"90.1-2010", "cooling_type"=>"AirCooled", "heating_type"=>"Electric Resistance or None", "subcategory"=>"Single Package", "minimum_capacity"=>0.0, "maximum_capacity"=>64999.0, "start_date"=>"1919-09-09T00:00:00+00:00", "end_date"=>"2999-09-09T00:00:00+00:00", "minimum_seasonal_energy_efficiency_ratio"=>13.0, "minimum_energy_efficiency_ratio"=>nil, "minimum_integrated_part_load_value"=>nil, "minimum_integrated_energy_efficiency_ratio"=>nil, "ptac_eer_coefficient_1"=>nil, "ptac_eer_coefficient_2"=>nil, "minimum_scop"=>nil, "cool_cap_ft"=>"PSZ-Fine Storage DX Coil Cap-FT", "cool_cap_fflow"=>"DX Coil Cap-FF", "cool_eir_ft"=>"PSZ-AC DX Coil EIR-FT", "cool_eir_fflow"=>"Split DX Coil EIR-FF", "cool_plf_fplr"=>"HPACCOOLPLFFPLR", "notes"=>nil}
[12:11:37.099926 WARN] [openstudio.standards.Model] Find object search criteria returned 2 results, the first one will be returned. Called from :/ruby/2.7.0/gems/openstudio-standards-0.3.0/lib/openstudio-standards/standards/Standards.CoilCoolingDXSingleSpeed.rb:61:in `coil_cooling_dx_single_speed_standard_minimum_cop'. 
 Search criteria: 
 {"template"=>"90.1-2010", "cooling_type"=>"AirCooled", "subcategory"=>"Single Package"}, capacity = 52068.66402489097 
  All results: 
 {"template"=>"90.1-2010", "cooling_type"=>"AirCooled", "heating_type"=>"All Other", "subcategory"=>"Single Package", "minimum_capacity"=>0.0, "maximum_capacity"=>64999.0, "start_date"=>"1919-09-09T00:00:00+00:00", "end_date"=>"2999-09-09T00:00:00+00:00", "minimum_seasonal_energy_efficiency_ratio"=>13.0, "minimum_energy_efficiency_ratio"=>nil, "minimum_integrated_part_load_value"=>nil, "minimum_integrated_energy_efficiency_ratio"=>nil, "ptac_eer_coefficient_1"=>nil, "ptac_eer_coefficient_2"=>nil, "minimum_scop"=>nil, "cool_cap_ft"=>"PSZ-Fine Storage DX Coil Cap-FT", "cool_cap_fflow"=>"DX Coil Cap-FF", "cool_eir_ft"=>"PSZ-AC DX Coil EIR-FT", "cool_eir_fflow"=>"Split DX Coil EIR-FF", "cool_plf_fplr"=>"HPACCOOLPLFFPLR", "notes"=>nil}
{"template"=>"90.1-2010", "cooling_type"=>"AirCooled", "heating_type"=>"Electric Resistance or None", "subcategory"=>"Single Package", "minimum_capacity"=>0.0, "maximum_capacity"=>64999.0, "start_date"=>"1919-09-09T00:00:00+00:00", "end_date"=>"2999-09-09T00:00:00+00:00", "minimum_seasonal_energy_efficiency_ratio"=>13.0, "minimum_energy_efficiency_ratio"=>nil, "minimum_integrated_part_load_value"=>nil, "minimum_integrated_energy_efficiency_ratio"=>nil, "ptac_eer_coefficient_1"=>nil, "ptac_eer_coefficient_2"=>nil, "minimum_scop"=>nil, "cool_cap_ft"=>"PSZ-Fine Storage DX Coil Cap-FT", "cool_cap_fflow"=>"DX Coil Cap-FF", "cool_eir_ft"=>"PSZ-AC DX Coil EIR-FT", "cool_eir_fflow"=>"Split DX Coil EIR-FF", "cool_plf_fplr"=>"HPACCOOLPLFFPLR", "notes"=>nil}
[12:11:37.099972 WARN] [openstudio.standards.Model] Find object search criteria returned 2 results, the first one will be returned. Called from :/ruby/2.7.0/gems/openstudio-standards-0.3.0/lib/openstudio-standards/standards/Standards.CoilCoolingDXSingleSpeed.rb:191:in `coil_cooling_dx_single_speed_apply_efficiency_and_curves'. 
 Search criteria: 
 {"template"=>"90.1-2010", "cooling_type"=>"AirCooled", "subcategory"=>"Single Package"}, capacity = 12127.793493792293 
  All results: 
 {"template"=>"90.1-2010", "cooling_type"=>"AirCooled", "heating_type"=>"All Other", "subcategory"=>"Single Package", "minimum_capacity"=>0.0, "maximum_capacity"=>64999.0, "start_date"=>"1919-09-09T00:00:00+00:00", "end_date"=>"2999-09-09T00:00:00+00:00", "minimum_seasonal_energy_efficiency_ratio"=>13.0, "minimum_energy_efficiency_ratio"=>nil, "minimum_integrated_part_load_value"=>nil, "minimum_integrated_energy_efficiency_ratio"=>nil, "ptac_eer_coefficient_1"=>nil, "ptac_eer_coefficient_2"=>nil, "minimum_scop"=>nil, "cool_cap_ft"=>"PSZ-Fine Storage DX Coil Cap-FT", "cool_cap_fflow"=>"DX Coil Cap-FF", "cool_eir_ft"=>"PSZ-AC DX Coil EIR-FT", "cool_eir_fflow"=>"Split DX Coil EIR-FF", "cool_plf_fplr"=>"HPACCOOLPLFFPLR", "notes"=>nil}
{"template"=>"90.1-2010", "cooling_type"=>"AirCooled", "heating_type"=>"Electric Resistance or None", "subcategory"=>"Single Package", "minimum_capacity"=>0.0, "maximum_capacity"=>64999.0, "start_date"=>"1919-09-09T00:00:00+00:00", "end_date"=>"2999-09-09T00:00:00+00:00", "minimum_seasonal_energy_efficiency_ratio"=>13.0, "minimum_energy_efficiency_ratio"=>nil, "minimum_integrated_part_load_value"=>nil, "minimum_integrated_energy_efficiency_ratio"=>nil, "ptac_eer_coefficient_1"=>nil, "ptac_eer_coefficient_2"=>nil, "minimum_scop"=>nil, "cool_cap_ft"=>"PSZ-Fine Storage DX Coil Cap-FT", "cool_cap_fflow"=>"DX Coil Cap-FF", "cool_eir_ft"=>"PSZ-AC DX Coil EIR-FT", "cool_eir_fflow"=>"Split DX Coil EIR-FF", "cool_plf_fplr"=>"HPACCOOLPLFFPLR", "notes"=>nil}
[12:11:37.100065 WARN] [openstudio.standards.Model] Find object search criteria returned 2 results, the first one will be returned. Called from :/ruby/2.7.0/gems/openstudio-standards-0.3.0/lib/openstudio-standards/standards/Standards.CoilCoolingDXSingleSpeed.rb:61:in `coil_cooling_dx_single_speed_standard_minimum_cop'. 
 Search criteria: 
 {"template"=>"90.1-2010", "cooling_type"=>"AirCooled", "subcategory"=>"Single Package"}, capacity = 12127.793493792293 
  All results: 
 {"template"=>"90.1-2010", "cooling_type"=>"AirCooled", "heating_type"=>"All Other", "subcategory"=>"Single Package", "minimum_capacity"=>0.0, "maximum_capacity"=>64999.0, "start_date"=>"1919-09-09T00:00:00+00:00", "end_date"=>"2999-09-09T00:00:00+00:00", "minimum_seasonal_energy_efficiency_ratio"=>13.0, "minimum_energy_efficiency_ratio"=>nil, "minimum_integrated_part_load_value"=>nil, "minimum_integrated_energy_efficiency_ratio"=>nil, "ptac_eer_coefficient_1"=>nil, "ptac_eer_coefficient_2"=>nil, "minimum_scop"=>nil, "cool_cap_ft"=>"PSZ-Fine Storage DX Coil Cap-FT", "cool_cap_fflow"=>"DX Coil Cap-FF", "cool_eir_ft"=>"PSZ-AC DX Coil EIR-FT", "cool_eir_fflow"=>"Split DX Coil EIR-FF", "cool_plf_fplr"=>"HPACCOOLPLFFPLR", "notes"=>nil}
{"template"=>"90.1-2010", "cooling_type"=>"AirCooled", "heating_type"=>"Electric Resistance or None", "subcategory"=>"Single Package", "minimum_capacity"=>0.0, "maximum_capacity"=>64999.0, "start_date"=>"1919-09-09T00:00:00+00:00", "end_date"=>"2999-09-09T00:00:00+00:00", "minimum_seasonal_energy_efficiency_ratio"=>13.0, "minimum_energy_efficiency_ratio"=>nil, "minimum_integrated_part_load_value"=>nil, "minimum_integrated_energy_efficiency_ratio"=>nil, "ptac_eer_coefficient_1"=>nil, "ptac_eer_coefficient_2"=>nil, "minimum_scop"=>nil, "cool_cap_ft"=>"PSZ-Fine Storage DX Coil Cap-FT", "cool_cap_fflow"=>"DX Coil Cap-FF", "cool_eir_ft"=>"PSZ-AC DX Coil EIR-FT", "cool_eir_fflow"=>"Split DX Coil EIR-FF", "cool_plf_fplr"=>"HPACCOOLPLFFPLR", "notes"=>nil}
[12:11:37.100097 WARN] [openstudio.standards.Model] Find object search criteria returned 2 results, the first one will be returned. Called from :/ruby/2.7.0/gems/openstudio-standards-0.3.0/lib/openstudio-standards/standards/Standards.CoilCoolingDXSingleSpeed.rb:191:in `coil_cooling_dx_single_speed_apply_efficiency_and_curves'. 
 Search criteria: 
 {"template"=>"90.1-2010", "cooling_type"=>"AirCooled", "subcategory"=>"Single Package"}, capacity = 11761.543237452619 
  All results: 
 {"template"=>"90.1-2010", "cooling_type"=>"AirCooled", "heating_type"=>"All Other", "subcategory"=>"Single Package", "minimum_capacity"=>0.0, "maximum_capacity"=>64999.0, "start_date"=>"1919-09-09T00:00:00+00:00", "end_date"=>"2999-09-09T00:00:00+00:00", "minimum_seasonal_energy_efficiency_ratio"=>13.0, "minimum_energy_efficiency_ratio"=>nil, "minimum_integrated_part_load_value"=>nil, "minimum_integrated_energy_efficiency_ratio"=>nil, "ptac_eer_coefficient_1"=>nil, "ptac_eer_coefficient_2"=>nil, "minimum_scop"=>nil, "cool_cap_ft"=>"PSZ-Fine Storage DX Coil Cap-FT", "cool_cap_fflow"=>"DX Coil Cap-FF", "cool_eir_ft"=>"PSZ-AC DX Coil EIR-FT", "cool_eir_fflow"=>"Split DX Coil EIR-FF", "cool_plf_fplr"=>"HPACCOOLPLFFPLR", "notes"=>nil}
{"template"=>"90.1-2010", "cooling_type"=>"AirCooled", "heating_type"=>"Electric Resistance or None", "subcategory"=>"Single Package", "minimum_capacity"=>0.0, "maximum_capacity"=>64999.0, "start_date"=>"1919-09-09T00:00:00+00:00", "end_date"=>"2999-09-09T00:00:00+00:00", "minimum_seasonal_energy_efficiency_ratio"=>13.0, "minimum_energy_efficiency_ratio"=>nil, "minimum_integrated_part_load_value"=>nil, "minimum_integrated_energy_efficiency_ratio"=>nil, "ptac_eer_coefficient_1"=>nil, "ptac_eer_coefficient_2"=>nil, "minimum_scop"=>nil, "cool_cap_ft"=>"PSZ-Fine Storage DX Coil Cap-FT", "cool_cap_fflow"=>"DX Coil Cap-FF", "cool_eir_ft"=>"PSZ-AC DX Coil EIR-FT", "cool_eir_fflow"=>"Split DX Coil EIR-FF", "cool_plf_fplr"=>"HPACCOOLPLFFPLR", "notes"=>nil}
[12:11:37.100157 WARN] [openstudio.standards.Model] Find object search criteria returned 2 results, the first one will be returned. Called from :/ruby/2.7.0/gems/openstudio-standards-0.3.0/lib/openstudio-standards/standards/Standards.CoilCoolingDXSingleSpeed.rb:61:in `coil_cooling_dx_single_speed_standard_minimum_cop'. 
 Search criteria: 
 {"template"=>"90.1-2010", "cooling_type"=>"AirCooled", "subcategory"=>"Single Package"}, capacity = 11761.543237452619 
  All results: 
 {"template"=>"90.1-2010", "cooling_type"=>"AirCooled", "heating_type"=>"All Other", "subcategory"=>"Single Package", "minimum_capacity"=>0.0, "maximum_capacity"=>64999.0, "start_date"=>"1919-09-09T00:00:00+00:00", "end_date"=>"2999-09-09T00:00:00+00:00", "minimum_seasonal_energy_efficiency_ratio"=>13.0, "minimum_energy_efficiency_ratio"=>nil, "minimum_integrated_part_load_value"=>nil, "minimum_integrated_energy_efficiency_ratio"=>nil, "ptac_eer_coefficient_1"=>nil, "ptac_eer_coefficient_2"=>nil, "minimum_scop"=>nil, "cool_cap_ft"=>"PSZ-Fine Storage DX Coil Cap-FT", "cool_cap_fflow"=>"DX Coil Cap-FF", "cool_eir_ft"=>"PSZ-AC DX Coil EIR-FT", "cool_eir_fflow"=>"Split DX Coil EIR-FF", "cool_plf_fplr"=>"HPACCOOLPLFFPLR", "notes"=>nil}
{"template"=>"90.1-2010", "cooling_type"=>"AirCooled", "heating_type"=>"Electric Resistance or None", "subcategory"=>"Single Package", "minimum_capacity"=>0.0, "maximum_capacity"=>64999.0, "start_date"=>"1919-09-09T00:00:00+00:00", "end_date"=>"2999-09-09T00:00:00+00:00", "minimum_seasonal_energy_efficiency_ratio"=>13.0, "minimum_energy_efficiency_ratio"=>nil, "minimum_integrated_part_load_value"=>nil, "minimum_integrated_energy_efficiency_ratio"=>nil, "ptac_eer_coefficient_1"=>nil, "ptac_eer_coefficient_2"=>nil, "minimum_scop"=>nil, "cool_cap_ft"=>"PSZ-Fine Storage DX Coil Cap-FT", "cool_cap_fflow"=>"DX Coil Cap-FF", "cool_eir_ft"=>"PSZ-AC DX Coil EIR-FT", "cool_eir_fflow"=>"Split DX Coil EIR-FF", "cool_plf_fplr"=>"HPACCOOLPLFFPLR", "notes"=>nil}
[12:11:37.100225 WARN] [openstudio.standards.Model] Find object search criteria returned 2 results, the first one will be returned. Called from :/ruby/2.7.0/gems/openstudio-standards-0.3.0/lib/openstudio-standards/standards/Standards.CoilCoolingDXSingleSpeed.rb:191:in `coil_cooling_dx_single_speed_apply_efficiency_and_curves'. 
 Search criteria: 
 {"template"=>"90.1-2010", "cooling_type"=>"AirCooled", "subcategory"=>"Single Package"}, capacity = 15872.773112715062 
  All results: 
 {"template"=>"90.1-2010", "cooling_type"=>"AirCooled", "heating_type"=>"All Other", "subcategory"=>"Single Package", "minimum_capacity"=>0.0, "maximum_capacity"=>64999.0, "start_date"=>"1919-09-09T00:00:00+00:00", "end_date"=>"2999-09-09T00:00:00+00:00", "minimum_seasonal_energy_efficiency_ratio"=>13.0, "minimum_energy_efficiency_ratio"=>nil, "minimum_integrated_part_load_value"=>nil, "minimum_integrated_energy_efficiency_ratio"=>nil, "ptac_eer_coefficient_1"=>nil, "ptac_eer_coefficient_2"=>nil, "minimum_scop"=>nil, "cool_cap_ft"=>"PSZ-Fine Storage DX Coil Cap-FT", "cool_cap_fflow"=>"DX Coil Cap-FF", "cool_eir_ft"=>"PSZ-AC DX Coil EIR-FT", "cool_eir_fflow"=>"Split DX Coil EIR-FF", "cool_plf_fplr"=>"HPACCOOLPLFFPLR", "notes"=>nil}
{"template"=>"90.1-2010", "cooling_type"=>"AirCooled", "heating_type"=>"Electric Resistance or None", "subcategory"=>"Single Package", "minimum_capacity"=>0.0, "maximum_capacity"=>64999.0, "start_date"=>"1919-09-09T00:00:00+00:00", "end_date"=>"2999-09-09T00:00:00+00:00", "minimum_seasonal_energy_efficiency_ratio"=>13.0, "minimum_energy_efficiency_ratio"=>nil, "minimum_integrated_part_load_value"=>nil, "minimum_integrated_energy_efficiency_ratio"=>nil, "ptac_eer_coefficient_1"=>nil, "ptac_eer_coefficient_2"=>nil, "minimum_scop"=>nil, "cool_cap_ft"=>"PSZ-Fine Storage DX Coil Cap-FT", "cool_cap_fflow"=>"DX Coil Cap-FF", "cool_eir_ft"=>"PSZ-AC DX Coil EIR-FT", "cool_eir_fflow"=>"Split DX Coil EIR-FF", "cool_plf_fplr"=>"HPACCOOLPLFFPLR", "notes"=>nil}
[12:11:37.100288 WARN] [openstudio.standards.Model] Find object search criteria returned 2 results, the first one will be returned. Called from :/ruby/2.7.0/gems/openstudio-standards-0.3.0/lib/openstudio-standards/standards/Standards.CoilCoolingDXSingleSpeed.rb:61:in `coil_cooling_dx_single_speed_standard_minimum_cop'. 
 Search criteria: 
 {"template"=>"90.1-2010", "cooling_type"=>"AirCooled", "subcategory"=>"Single Package"}, capacity = 15872.773112715062 
  All results: 
 {"template"=>"90.1-2010", "cooling_type"=>"AirCooled", "heating_type"=>"All Other", "subcategory"=>"Single Package", "minimum_capacity"=>0.0, "maximum_capacity"=>64999.0, "start_date"=>"1919-09-09T00:00:00+00:00", "end_date"=>"2999-09-09T00:00:00+00:00", "minimum_seasonal_energy_efficiency_ratio"=>13.0, "minimum_energy_efficiency_ratio"=>nil, "minimum_integrated_part_load_value"=>nil, "minimum_integrated_energy_efficiency_ratio"=>nil, "ptac_eer_coefficient_1"=>nil, "ptac_eer_coefficient_2"=>nil, "minimum_scop"=>nil, "cool_cap_ft"=>"PSZ-Fine Storage DX Coil Cap-FT", "cool_cap_fflow"=>"DX Coil Cap-FF", "cool_eir_ft"=>"PSZ-AC DX Coil EIR-FT", "cool_eir_fflow"=>"Split DX Coil EIR-FF", "cool_plf_fplr"=>"HPACCOOLPLFFPLR", "notes"=>nil}
{"template"=>"90.1-2010", "cooling_type"=>"AirCooled", "heating_type"=>"Electric Resistance or None", "subcategory"=>"Single Package", "minimum_capacity"=>0.0, "maximum_capacity"=>64999.0, "start_date"=>"1919-09-09T00:00:00+00:00", "end_date"=>"2999-09-09T00:00:00+00:00", "minimum_seasonal_energy_efficiency_ratio"=>13.0, "minimum_energy_efficiency_ratio"=>nil, "minimum_integrated_part_load_value"=>nil, "minimum_integrated_energy_efficiency_ratio"=>nil, "ptac_eer_coefficient_1"=>nil, "ptac_eer_coefficient_2"=>nil, "minimum_scop"=>nil, "cool_cap_ft"=>"PSZ-Fine Storage DX Coil Cap-FT", "cool_cap_fflow"=>"DX Coil Cap-FF", "cool_eir_ft"=>"PSZ-AC DX Coil EIR-FT", "cool_eir_fflow"=>"Split DX Coil EIR-FF", "cool_plf_fplr"=>"HPACCOOLPLFFPLR", "notes"=>nil}
[12:11:37.100319 WARN] [openstudio.standards.Model] Find object search criteria returned 2 results, the first one will be returned. Called from :/ruby/2.7.0/gems/openstudio-standards-0.3.0/lib/openstudio-standards/standards/Standards.CoilCoolingDXSingleSpeed.rb:191:in `coil_cooling_dx_single_speed_apply_efficiency_and_curves'. 
 Search criteria: 
 {"template"=>"90.1-2010", "cooling_type"=>"AirCooled", "subcategory"=>"Single Package"}, capacity = 3535.316709546 
  All results: 
 {"template"=>"90.1-2010", "cooling_type"=>"AirCooled", "heating_type"=>"All Other", "subcategory"=>"Single Package", "minimum_capacity"=>0.0, "maximum_capacity"=>64999.0, "start_date"=>"1919-09-09T00:00:00+00:00", "end_date"=>"2999-09-09T00:00:00+00:00", "minimum_seasonal_energy_efficiency_ratio"=>13.0, "minimum_energy_efficiency_ratio"=>nil, "minimum_integrated_part_load_value"=>nil, "minimum_integrated_energy_efficiency_ratio"=>nil, "ptac_eer_coefficient_1"=>nil, "ptac_eer_coefficient_2"=>nil, "minimum_scop"=>nil, "cool_cap_ft"=>"PSZ-Fine Storage DX Coil Cap-FT", "cool_cap_fflow"=>"DX Coil Cap-FF", "cool_eir_ft"=>"PSZ-AC DX Coil EIR-FT", "cool_eir_fflow"=>"Split DX Coil EIR-FF", "cool_plf_fplr"=>"HPACCOOLPLFFPLR", "notes"=>nil}
{"template"=>"90.1-2010", "cooling_type"=>"AirCooled", "heating_type"=>"Electric Resistance or None", "subcategory"=>"Single Package", "minimum_capacity"=>0.0, "maximum_capacity"=>64999.0, "start_date"=>"1919-09-09T00:00:00+00:00", "end_date"=>"2999-09-09T00:00:00+00:00", "minimum_seasonal_energy_efficiency_ratio"=>13.0, "minimum_energy_efficiency_ratio"=>nil, "minimum_integrated_part_load_value"=>nil, "minimum_integrated_energy_efficiency_ratio"=>nil, "ptac_eer_coefficient_1"=>nil, "ptac_eer_coefficient_2"=>nil, "minimum_scop"=>nil, "cool_cap_ft"=>"PSZ-Fine Storage DX Coil Cap-FT", "cool_cap_fflow"=>"DX Coil Cap-FF", "cool_eir_ft"=>"PSZ-AC DX Coil EIR-FT", "cool_eir_fflow"=>"Split DX Coil EIR-FF", "cool_plf_fplr"=>"HPACCOOLPLFFPLR", "notes"=>nil}
[12:11:37.100381 WARN] [openstudio.standards.Model] Find object search criteria returned 2 results, the first one will be returned. Called from :/ruby/2.7.0/gems/openstudio-standards-0.3.0/lib/openstudio-standards/standards/Standards.CoilCoolingDXSingleSpeed.rb:61:in `coil_cooling_dx_single_speed_standard_minimum_cop'. 
 Search criteria: 
 {"template"=>"90.1-2010", "cooling_type"=>"AirCooled", "subcategory"=>"Single Package"}, capacity = 3535.316709546 
  All results: 
 {"template"=>"90.1-2010", "cooling_type"=>"AirCooled", "heating_type"=>"All Other", "subcategory"=>"Single Package", "minimum_capacity"=>0.0, "maximum_capacity"=>64999.0, "start_date"=>"1919-09-09T00:00:00+00:00", "end_date"=>"2999-09-09T00:00:00+00:00", "minimum_seasonal_energy_efficiency_ratio"=>13.0, "minimum_energy_efficiency_ratio"=>nil, "minimum_integrated_part_load_value"=>nil, "minimum_integrated_energy_efficiency_ratio"=>nil, "ptac_eer_coefficient_1"=>nil, "ptac_eer_coefficient_2"=>nil, "minimum_scop"=>nil, "cool_cap_ft"=>"PSZ-Fine Storage DX Coil Cap-FT", "cool_cap_fflow"=>"DX Coil Cap-FF", "cool_eir_ft"=>"PSZ-AC DX Coil EIR-FT", "cool_eir_fflow"=>"Split DX Coil EIR-FF", "cool_plf_fplr"=>"HPACCOOLPLFFPLR", "notes"=>nil}
{"template"=>"90.1-2010", "cooling_type"=>"AirCooled", "heating_type"=>"Electric Resistance or None", "subcategory"=>"Single Package", "minimum_capacity"=>0.0, "maximum_capacity"=>64999.0, "start_date"=>"1919-09-09T00:00:00+00:00", "end_date"=>"2999-09-09T00:00:00+00:00", "minimum_seasonal_energy_efficiency_ratio"=>13.0, "minimum_energy_efficiency_ratio"=>nil, "minimum_integrated_part_load_value"=>nil, "minimum_integrated_energy_efficiency_ratio"=>nil, "ptac_eer_coefficient_1"=>nil, "ptac_eer_coefficient_2"=>nil, "minimum_scop"=>nil, "cool_cap_ft"=>"PSZ-Fine Storage DX Coil Cap-FT", "cool_cap_fflow"=>"DX Coil Cap-FF", "cool_eir_ft"=>"PSZ-AC DX Coil EIR-FT", "cool_eir_fflow"=>"Split DX Coil EIR-FF", "cool_plf_fplr"=>"HPACCOOLPLFFPLR", "notes"=>nil}
[12:11:37.100415 WARN] [openstudio.standards.Model] Find object search criteria returned 2 results, the first one will be returned. Called from :/ruby/2.7.0/gems/openstudio-standards-0.3.0/lib/openstudio-standards/standards/Standards.CoilCoolingDXSingleSpeed.rb:191:in `coil_cooling_dx_single_speed_apply_efficiency_and_curves'. 
 Search criteria: 
 {"template"=>"90.1-2010", "cooling_type"=>"AirCooled", "subcategory"=>"Single Package"}, capacity = 3534.2963046034197 
  All results: 
 {"template"=>"90.1-2010", "cooling_type"=>"AirCooled", "heating_type"=>"All Other", "subcategory"=>"Single Package", "minimum_capacity"=>0.0, "maximum_capacity"=>64999.0, "start_date"=>"1919-09-09T00:00:00+00:00", "end_date"=>"2999-09-09T00:00:00+00:00", "minimum_seasonal_energy_efficiency_ratio"=>13.0, "minimum_energy_efficiency_ratio"=>nil, "minimum_integrated_part_load_value"=>nil, "minimum_integrated_energy_efficiency_ratio"=>nil, "ptac_eer_coefficient_1"=>nil, "ptac_eer_coefficient_2"=>nil, "minimum_scop"=>nil, "cool_cap_ft"=>"PSZ-Fine Storage DX Coil Cap-FT", "cool_cap_fflow"=>"DX Coil Cap-FF", "cool_eir_ft"=>"PSZ-AC DX Coil EIR-FT", "cool_eir_fflow"=>"Split DX Coil EIR-FF", "cool_plf_fplr"=>"HPACCOOLPLFFPLR", "notes"=>nil}
{"template"=>"90.1-2010", "cooling_type"=>"AirCooled", "heating_type"=>"Electric Resistance or None", "subcategory"=>"Single Package", "minimum_capacity"=>0.0, "maximum_capacity"=>64999.0, "start_date"=>"1919-09-09T00:00:00+00:00", "end_date"=>"2999-09-09T00:00:00+00:00", "minimum_seasonal_energy_efficiency_ratio"=>13.0, "minimum_energy_efficiency_ratio"=>nil, "minimum_integrated_part_load_value"=>nil, "minimum_integrated_energy_efficiency_ratio"=>nil, "ptac_eer_coefficient_1"=>nil, "ptac_eer_coefficient_2"=>nil, "minimum_scop"=>nil, "cool_cap_ft"=>"PSZ-Fine Storage DX Coil Cap-FT", "cool_cap_fflow"=>"DX Coil Cap-FF", "cool_eir_ft"=>"PSZ-AC DX Coil EIR-FT", "cool_eir_fflow"=>"Split DX Coil EIR-FF", "cool_plf_fplr"=>"HPACCOOLPLFFPLR", "notes"=>nil}
[12:11:37.100484 WARN] [openstudio.standards.Model] Find object search criteria returned 2 results, the first one will be returned. Called from :/ruby/2.7.0/gems/openstudio-standards-0.3.0/lib/openstudio-standards/standards/Standards.CoilCoolingDXSingleSpeed.rb:61:in `coil_cooling_dx_single_speed_standard_minimum_cop'. 
 Search criteria: 
 {"template"=>"90.1-2010", "cooling_type"=>"AirCooled", "subcategory"=>"Single Package"}, capacity = 3534.2963046034197 
  All results: 
 {"template"=>"90.1-2010", "cooling_type"=>"AirCooled", "heating_type"=>"All Other", "subcategory"=>"Single Package", "minimum_capacity"=>0.0, "maximum_capacity"=>64999.0, "start_date"=>"1919-09-09T00:00:00+00:00", "end_date"=>"2999-09-09T00:00:00+00:00", "minimum_seasonal_energy_efficiency_ratio"=>13.0, "minimum_energy_efficiency_ratio"=>nil, "minimum_integrated_part_load_value"=>nil, "minimum_integrated_energy_efficiency_ratio"=>nil, "ptac_eer_coefficient_1"=>nil, "ptac_eer_coefficient_2"=>nil, "minimum_scop"=>nil, "cool_cap_ft"=>"PSZ-Fine Storage DX Coil Cap-FT", "cool_cap_fflow"=>"DX Coil Cap-FF", "cool_eir_ft"=>"PSZ-AC DX Coil EIR-FT", "cool_eir_fflow"=>"Split DX Coil EIR-FF", "cool_plf_fplr"=>"HPACCOOLPLFFPLR", "notes"=>nil}
{"template"=>"90.1-2010", "cooling_type"=>"AirCooled", "heating_type"=>"Electric Resistance or None", "subcategory"=>"Single Package", "minimum_capacity"=>0.0, "maximum_capacity"=>64999.0, "start_date"=>"1919-09-09T00:00:00+00:00", "end_date"=>"2999-09-09T00:00:00+00:00", "minimum_seasonal_energy_efficiency_ratio"=>13.0, "minimum_energy_efficiency_ratio"=>nil, "minimum_integrated_part_load_value"=>nil, "minimum_integrated_energy_efficiency_ratio"=>nil, "ptac_eer_coefficient_1"=>nil, "ptac_eer_coefficient_2"=>nil, "minimum_scop"=>nil, "cool_cap_ft"=>"PSZ-Fine Storage DX Coil Cap-FT", "cool_cap_fflow"=>"DX Coil Cap-FF", "cool_eir_ft"=>"PSZ-AC DX Coil EIR-FT", "cool_eir_fflow"=>"Split DX Coil EIR-FF", "cool_plf_fplr"=>"HPACCOOLPLFFPLR", "notes"=>nil}
