[18:40:34.511380 WARN] Set Pipe:Indoor ambient temp schedules to 67.3F to avoid E+ issue 9650, remove once fixed.
[18:43:02.552295 ERROR] comparison of Float with nil failed
	:/ruby/2.7.0/gems/openstudio-standards-0.3.0/lib/openstudio-standards/prototypes/ashrae_90_1/ashrae_90_1_2016/ashrae_90_1_2016.PumpVariableSpeed.rb:138:in `>'
	:/ruby/2.7.0/gems/openstudio-standards-0.3.0/lib/openstudio-standards/prototypes/ashrae_90_1/ashrae_90_1_2016/ashrae_90_1_2016.PumpVariableSpeed.rb:138:in `pump_variable_speed_get_control_type'
	:/ruby/2.7.0/gems/openstudio-standards-0.3.0/lib/openstudio-standards/prototypes/common/objects/Prototype.PumpVariableSpeed.rb:31:in `pump_variable_speed_control_type'
	:/ruby/2.7.0/gems/openstudio-standards-0.3.0/lib/openstudio-standards/prototypes/common/objects/Prototype.Model.rb:1787:in `block in model_apply_prototype_hvac_assumptions'
	:/ruby/2.7.0/gems/openstudio-standards-0.3.0/lib/openstudio-standards/prototypes/common/objects/Prototype.Model.rb:1787:in `each'
	:/ruby/2.7.0/gems/openstudio-standards-0.3.0/lib/openstudio-standards/prototypes/common/objects/Prototype.Model.rb:1787:in `model_apply_prototype_hvac_assumptions'
	/private/var/folders/cj/vhw1_9g1151dh76sjlgdyq19k7f3h5/T/osmodel-1677634768-1/resources/measures/create_typical_building_from_model 1/resources/os_lib_model_generation.rb:3182:in `typical_building_from_model'
	/private/var/folders/cj/vhw1_9g1151dh76sjlgdyq19k7f3h5/T/osmodel-1677634768-1/resources/measures/create_typical_building_from_model 1/measure.rb:491:in `run'
	:/ruby/2.7.0/gems/openstudio-workflow-2.3.1/lib/openstudio/workflow/util/measure.rb:517:in `apply_measure'
	:/ruby/2.7.0/gems/openstudio-workflow-2.3.1/lib/openstudio/workflow/util/measure.rb:114:in `block in apply_measures'
	:/ruby/2.7.0/gems/openstudio-workflow-2.3.1/lib/openstudio/workflow/util/measure.rb:67:in `each_index'
	:/ruby/2.7.0/gems/openstudio-workflow-2.3.1/lib/openstudio/workflow/util/measure.rb:67:in `apply_measures'
	:/ruby/2.7.0/gems/openstudio-workflow-2.3.1/lib/openstudio/workflow/jobs/run_os_measures.rb:70:in `perform'
	:/ruby/2.7.0/gems/openstudio-workflow-2.3.1/lib/openstudio/workflow/run.rb:291:in `step'
	:/ruby/2.7.0/gems/openstudio-workflow-2.3.1/lib/openstudio/workflow/run.rb:233:in `run'
	:/openstudio_cli.rb:1184:in `execute'
	:/openstudio_cli.rb:814:in `execute'
	:/openstudio_cli.rb:1983:in `<main>'
	eval:188:in `eval'
	eval:188:in `require_embedded_absolute'
	eval:173:in `block in require_embedded'
	eval:167:in `each'
	eval:167:in `require_embedded'
	eval:126:in `require'
	eval:3:in `<main>'
[18:43:02.553194 ERROR] :/ruby/2.7.0/gems/openstudio-workflow-2.3.1/lib/openstudio/workflow/util/measure.rb failed with message Runner error :/ruby/2.7.0/gems/openstudio-workflow-2.3.1/lib/openstudio/workflow/util/measure.rb failed with comparison of Float with nil failed, :/ruby/2.7.0/gems/openstudio-standards-0.3.0/lib/openstudio-standards/prototypes/ashrae_90_1/ashrae_90_1_2016/ashrae_90_1_2016.PumpVariableSpeed.rb:138:in `>'
:/ruby/2.7.0/gems/openstudio-standards-0.3.0/lib/openstudio-standards/prototypes/ashrae_90_1/ashrae_90_1_2016/ashrae_90_1_2016.PumpVariableSpeed.rb:138:in `pump_variable_speed_get_control_type'
:/ruby/2.7.0/gems/openstudio-standards-0.3.0/lib/openstudio-standards/prototypes/common/objects/Prototype.PumpVariableSpeed.rb:31:in `pump_variable_speed_control_type'
:/ruby/2.7.0/gems/openstudio-standards-0.3.0/lib/openstudio-standards/prototypes/common/objects/Prototype.Model.rb:1787:in `block in model_apply_prototype_hvac_assumptions'
:/ruby/2.7.0/gems/openstudio-standards-0.3.0/lib/openstudio-standards/prototypes/common/objects/Prototype.Model.rb:1787:in `each'
:/ruby/2.7.0/gems/openstudio-standards-0.3.0/lib/openstudio-standards/prototypes/common/objects/Prototype.Model.rb:1787:in `model_apply_prototype_hvac_assumptions'
/private/var/folders/cj/vhw1_9g1151dh76sjlgdyq19k7f3h5/T/osmodel-1677634768-1/resources/measures/create_typical_building_from_model 1/resources/os_lib_model_generation.rb:3182:in `typical_building_from_model'
/private/var/folders/cj/vhw1_9g1151dh76sjlgdyq19k7f3h5/T/osmodel-1677634768-1/resources/measures/create_typical_building_from_model 1/measure.rb:491:in `run'
:/ruby/2.7.0/gems/openstudio-workflow-2.3.1/lib/openstudio/workflow/util/measure.rb:517:in `apply_measure'
:/ruby/2.7.0/gems/openstudio-workflow-2.3.1/lib/openstudio/workflow/util/measure.rb:114:in `block in apply_measures'
:/ruby/2.7.0/gems/openstudio-workflow-2.3.1/lib/openstudio/workflow/util/measure.rb:67:in `each_index'
:/ruby/2.7.0/gems/openstudio-workflow-2.3.1/lib/openstudio/workflow/util/measure.rb:67:in `apply_measures'
:/ruby/2.7.0/gems/openstudio-workflow-2.3.1/lib/openstudio/workflow/jobs/run_os_measures.rb:70:in `perform'
:/ruby/2.7.0/gems/openstudio-workflow-2.3.1/lib/openstudio/workflow/run.rb:291:in `step'
:/ruby/2.7.0/gems/openstudio-workflow-2.3.1/lib/openstudio/workflow/run.rb:233:in `run'
:/openstudio_cli.rb:1184:in `execute'
:/openstudio_cli.rb:814:in `execute'
:/openstudio_cli.rb:1983:in `<main>'
eval:188:in `eval'
eval:188:in `require_embedded_absolute'
eval:173:in `block in require_embedded'
eval:167:in `each'
eval:167:in `require_embedded'
eval:126:in `require'
eval:3:in `<main>' in :/ruby/2.7.0/gems/openstudio-workflow-2.3.1/lib/openstudio/workflow/util/measure.rb:545:in `rescue in apply_measure'
:/ruby/2.7.0/gems/openstudio-workflow-2.3.1/lib/openstudio/workflow/util/measure.rb:505:in `apply_measure'
:/ruby/2.7.0/gems/openstudio-workflow-2.3.1/lib/openstudio/workflow/util/measure.rb:114:in `block in apply_measures'
:/ruby/2.7.0/gems/openstudio-workflow-2.3.1/lib/openstudio/workflow/util/measure.rb:67:in `each_index'
:/ruby/2.7.0/gems/openstudio-workflow-2.3.1/lib/openstudio/workflow/util/measure.rb:67:in `apply_measures'
:/ruby/2.7.0/gems/openstudio-workflow-2.3.1/lib/openstudio/workflow/jobs/run_os_measures.rb:70:in `perform'
:/ruby/2.7.0/gems/openstudio-workflow-2.3.1/lib/openstudio/workflow/run.rb:291:in `step'
:/ruby/2.7.0/gems/openstudio-workflow-2.3.1/lib/openstudio/workflow/run.rb:233:in `run'
:/openstudio_cli.rb:1184:in `execute'
:/openstudio_cli.rb:814:in `execute'
:/openstudio_cli.rb:1983:in `<main>'
eval:188:in `eval'
eval:188:in `require_embedded_absolute'
eval:173:in `block in require_embedded'
eval:167:in `each'
eval:167:in `require_embedded'
eval:126:in `require'
eval:3:in `<main>'
[18:43:02.553352 ERROR] Found error in state 'os_measures' with message [":/ruby/2.7.0/gems/openstudio-workflow-2.3.1/lib/openstudio/workflow/util/measure.rb failed with message Runner error :/ruby/2.7.0/gems/openstudio-workflow-2.3.1/lib/openstudio/workflow/util/measure.rb failed with comparison of Float with nil failed, :/ruby/2.7.0/gems/openstudio-standards-0.3.0/lib/openstudio-standards/prototypes/ashrae_90_1/ashrae_90_1_2016/ashrae_90_1_2016.PumpVariableSpeed.rb:138:in `>'\n:/ruby/2.7.0/gems/openstudio-standards-0.3.0/lib/openstudio-standards/prototypes/ashrae_90_1/ashrae_90_1_2016/ashrae_90_1_2016.PumpVariableSpeed.rb:138:in `pump_variable_speed_get_control_type'\n:/ruby/2.7.0/gems/openstudio-standards-0.3.0/lib/openstudio-standards/prototypes/common/objects/Prototype.PumpVariableSpeed.rb:31:in `pump_variable_speed_control_type'\n:/ruby/2.7.0/gems/openstudio-standards-0.3.0/lib/openstudio-standards/prototypes/common/objects/Prototype.Model.rb:1787:in `block in model_apply_prototype_hvac_assumptions'\n:/ruby/2.7.0/gems/openstudio-standards-0.3.0/lib/openstudio-standards/prototypes/common/objects/Prototype.Model.rb:1787:in `each'\n:/ruby/2.7.0/gems/openstudio-standards-0.3.0/lib/openstudio-standards/prototypes/common/objects/Prototype.Model.rb:1787:in `model_apply_prototype_hvac_assumptions'\n/private/var/folders/cj/vhw1_9g1151dh76sjlgdyq19k7f3h5/T/osmodel-1677634768-1/resources/measures/create_typical_building_from_model 1/resources/os_lib_model_generation.rb:3182:in `typical_building_from_model'\n/private/var/folders/cj/vhw1_9g1151dh76sjlgdyq19k7f3h5/T/osmodel-1677634768-1/resources/measures/create_typical_building_from_model 1/measure.rb:491:in `run'\n:/ruby/2.7.0/gems/openstudio-workflow-2.3.1/lib/openstudio/workflow/util/measure.rb:517:in `apply_measure'\n:/ruby/2.7.0/gems/openstudio-workflow-2.3.1/lib/openstudio/workflow/util/measure.rb:114:in `block in apply_measures'\n:/ruby/2.7.0/gems/openstudio-workflow-2.3.1/lib/openstudio/workflow/util/measure.rb:67:in `each_index'\n:/ruby/2.7.0/gems/openstudio-workflow-2.3.1/lib/openstudio/workflow/util/measure.rb:67:in `apply_measures'\n:/ruby/2.7.0/gems/openstudio-workflow-2.3.1/lib/openstudio/workflow/jobs/run_os_measures.rb:70:in `perform'\n:/ruby/2.7.0/gems/openstudio-workflow-2.3.1/lib/openstudio/workflow/run.rb:291:in `step'\n:/ruby/2.7.0/gems/openstudio-workflow-2.3.1/lib/openstudio/workflow/run.rb:233:in `run'\n:/openstudio_cli.rb:1184:in `execute'\n:/openstudio_cli.rb:814:in `execute'\n:/openstudio_cli.rb:1983:in `<main>'\neval:188:in `eval'\neval:188:in `require_embedded_absolute'\neval:173:in `block in require_embedded'\neval:167:in `each'\neval:167:in `require_embedded'\neval:126:in `require'\neval:3:in `<main>' in :/ruby/2.7.0/gems/openstudio-workflow-2.3.1/lib/openstudio/workflow/util/measure.rb:545:in `rescue in apply_measure'\n:/ruby/2.7.0/gems/openstudio-workflow-2.3.1/lib/openstudio/workflow/util/measure.rb:505:in `apply_measure'\n:/ruby/2.7.0/gems/openstudio-workflow-2.3.1/lib/openstudio/workflow/util/measure.rb:114:in `block in apply_measures'\n:/ruby/2.7.0/gems/openstudio-workflow-2.3.1/lib/openstudio/workflow/util/measure.rb:67:in `each_index'\n:/ruby/2.7.0/gems/openstudio-workflow-2.3.1/lib/openstudio/workflow/util/measure.rb:67:in `apply_measures'\n:/ruby/2.7.0/gems/openstudio-workflow-2.3.1/lib/openstudio/workflow/jobs/run_os_measures.rb:70:in `perform'\n:/ruby/2.7.0/gems/openstudio-workflow-2.3.1/lib/openstudio/workflow/run.rb:291:in `step'\n:/ruby/2.7.0/gems/openstudio-workflow-2.3.1/lib/openstudio/workflow/run.rb:233:in `run'\n:/openstudio_cli.rb:1184:in `execute'\n:/openstudio_cli.rb:814:in `execute'\n:/openstudio_cli.rb:1983:in `<main>'\neval:188:in `eval'\neval:188:in `require_embedded_absolute'\neval:173:in `block in require_embedded'\neval:167:in `each'\neval:167:in `require_embedded'\neval:126:in `require'\neval:3:in `<main>'::/ruby/2.7.0/gems/openstudio-workflow-2.3.1/lib/openstudio/workflow/util/measure.rb:654:in `rescue in apply_measure'\n:/ruby/2.7.0/gems/openstudio-workflow-2.3.1/lib/openstudio/workflow/util/measure.rb:651:in `apply_measure'\n:/ruby/2.7.0/gems/openstudio-workflow-2.3.1/lib/openstudio/workflow/util/measure.rb:114:in `block in apply_measures'\n:/ruby/2.7.0/gems/openstudio-workflow-2.3.1/lib/openstudio/workflow/util/measure.rb:67:in `each_index'\n:/ruby/2.7.0/gems/openstudio-workflow-2.3.1/lib/openstudio/workflow/util/measure.rb:67:in `apply_measures'\n:/ruby/2.7.0/gems/openstudio-workflow-2.3.1/lib/openstudio/workflow/jobs/run_os_measures.rb:70:in `perform'\n:/ruby/2.7.0/gems/openstudio-workflow-2.3.1/lib/openstudio/workflow/run.rb:291:in `step'\n:/ruby/2.7.0/gems/openstudio-workflow-2.3.1/lib/openstudio/workflow/run.rb:233:in `run'\n:/openstudio_cli.rb:1184:in `execute'\n:/openstudio_cli.rb:814:in `execute'\n:/openstudio_cli.rb:1983:in `<main>'\neval:188:in `eval'\neval:188:in `require_embedded_absolute'\neval:173:in `block in require_embedded'\neval:167:in `each'\neval:167:in `require_embedded'\neval:126:in `require'\neval:3:in `<main>'"]}
