[21:08:57.670076 WARN] Set Pipe:Indoor ambient temp schedules to 67.3F to avoid E+ issue 9650, remove once fixed.
[21:09:36.528942 WARN] [openstudio.standards.Model] For Office WholeBuilding - Sm Office People, Air Velocity Schedule is not setup as parametric schedule. It has 2 sources.
[21:09:36.528996 WARN] [openstudio.standards.Model] For Warehouse Bulk Schedule Set, Always On is not setup as parametric schedule. It has 3 sources.
[21:09:36.529008 WARN] [openstudio.standards.Model] For , Building Hours of Operation NonResidential is not setup as parametric schedule. It has 4 sources.
[21:09:36.529031 WARN] [openstudio.standards.Model] For Office WholeBuilding - Sm Office People, Clothing Schedule is not setup as parametric schedule. It has 3 sources.
[21:09:36.529043 WARN] [openstudio.standards.Model] For Main Service Water Use Def 0.06gpm, Fraction Latent - 0.05 is not setup as parametric schedule. It has 1 sources.
[21:09:36.529062 WARN] [openstudio.standards.Model] For Main Service Water Use Def 0.06gpm, Fraction Sensible - 0.2 is not setup as parametric schedule. It has 1 sources.
[21:09:36.529075 WARN] [openstudio.standards.Model] For Hot Water Loop Setpoint Manager, Hot Water Loop Temp - 180F is not setup as parametric schedule. It has 1 sources.
[21:09:36.529091 WARN] [openstudio.standards.Model] For Main Service Water Use Def 0.06gpm, Mixed Water At Faucet Temp - 140F is not setup as parametric schedule. It has 1 sources.
[21:09:36.529115 WARN] [openstudio.standards.Model] For Schedule Rule 1, OfficeLarge INFIL_SCH_PNNL is not setup as parametric schedule. It has 2 sources.
[21:09:36.529126 WARN] [openstudio.standards.Model] For Schedule Rule 7, OfficeSmall BLDG_EQUIP_SCH_2013 is not setup as parametric schedule. It has 2 sources.
[21:09:36.529142 WARN] [openstudio.standards.Model] For Schedule Rule 6, OfficeSmall BLDG_LIGHT_SCH_2013 is not setup as parametric schedule. It has 2 sources.
[21:09:36.529153 WARN] [openstudio.standards.Model] For Schedule Rule 4, OfficeSmall BLDG_OCC_SCH is not setup as parametric schedule. It has 1 sources.
[21:09:36.529163 WARN] [openstudio.standards.Model] For Schedule Rule 16, OfficeSmall BLDG_SWH_SCH is not setup as parametric schedule. It has 1 sources.
[21:09:36.529177 WARN] [openstudio.standards.Model] For Schedule Rule 12, OfficeSmall CLGSETP_SCH_NO_OPTIMUM is not setup as parametric schedule. It has 1 sources.
[21:09:36.529193 WARN] [openstudio.standards.Model] For NonDimming Exterior Lights Def, OfficeSmall Exterior_lighting_schedule_a is not setup as parametric schedule. It has 1 sources.
[21:09:36.529204 WARN] [openstudio.standards.Model] For Occ Sensing Exterior Lights Def, OfficeSmall Exterior_lighting_schedule_b is not setup as parametric schedule. It has 1 sources.
[21:09:36.529219 WARN] [openstudio.standards.Model] For Schedule Rule 11, OfficeSmall HTGSETP_SCH_NO_OPTIMUM is not setup as parametric schedule. It has 1 sources.
[21:09:36.529230 WARN] [openstudio.standards.Model] For Schedule Rule 13, OfficeSmall HVACOperationSchd is not setup as parametric schedule. It has 1 sources.
[21:09:36.529251 WARN] [openstudio.standards.Model] For Schedule Rule 15, OfficeSmall INFIL_Door_Opening_SCH_2013 is not setup as parametric schedule. It has 1 sources.
[21:09:36.529263 WARN] [openstudio.standards.Model] For Schedule Rule 9, OfficeSmall INFIL_QUARTER_ON_SCH is not setup as parametric schedule. It has 2 sources.
[21:09:36.529274 WARN] [openstudio.standards.Model] For Schedule Rule 14, OfficeSmall MinOA_MotorizedDamper_Sched is not setup as parametric schedule. It has 1 sources.
[21:09:36.529291 WARN] [openstudio.standards.Model] For Service hot water setpoint manager, Service Water Loop Temp - 140F is not setup as parametric schedule. It has 2 sources.
[21:09:36.529322 WARN] [openstudio.standards.Model] For Office WholeBuilding - Sm Office - DOE Ref 1980-2004 Thermostat, Small Office ClgSetp is not setup as parametric schedule. It has 3 sources.
[21:09:36.529337 WARN] [openstudio.standards.Model] For Office WholeBuilding - Sm Office - DOE Ref 1980-2004 Thermostat, Small Office HtgSetp is not setup as parametric schedule. It has 3 sources.
[21:09:36.529356 WARN] [openstudio.standards.Model] For Office WholeBuilding - Sm Office Schedule Set, Small Office Infil Quarter On is not setup as parametric schedule. It has 4 sources.
[21:09:36.529401 WARN] [openstudio.standards.Model] For Office WholeBuilding - Sm Office People, Work Efficiency Schedule is not setup as parametric schedule. It has 2 sources.
[21:09:36.531779 WARN] [openstudio.energyplus.SqlFile] Using EnergyPlusVersion version 22.2.0 which should have 'Year' field, but it's always zero
[21:09:36.531806 WARN] [openstudio.model.Model] The run completed but had the following severe errors: WaterHeater:Mixed = 40GAL ELECTRICITY WATER HEATER - 40KBTU/HR 1.0 THERM EFF:  Ambient Temperature Zone not found =
[21:09:36.531829 WARN] [openstudio.standards.AirLoopHVAC] Damper positions not modified for DOE Ref Pre-1980 or DOE Ref 1980-2004 vintages.
[21:09:36.531844 WARN] [openstudio.standards.AirLoopHVAC] Damper positions not modified for DOE Ref Pre-1980 or DOE Ref 1980-2004 vintages.
[21:09:36.531855 WARN] [openstudio.standards.AirLoopHVAC] Damper positions not modified for DOE Ref Pre-1980 or DOE Ref 1980-2004 vintages.
[21:09:36.531875 WARN] [openstudio.standards.AirLoopHVAC] Damper positions not modified for DOE Ref Pre-1980 or DOE Ref 1980-2004 vintages.
[21:09:36.531887 WARN] [openstudio.standards.AirLoopHVAC] Damper positions not modified for DOE Ref Pre-1980 or DOE Ref 1980-2004 vintages.
[21:09:36.531898 WARN] [openstudio.standards.AirLoopHVAC] Damper positions not modified for DOE Ref Pre-1980 or DOE Ref 1980-2004 vintages.
[21:09:36.531912 WARN] [openstudio.standards.AirLoopHVAC] Damper positions not modified for DOE Ref Pre-1980 or DOE Ref 1980-2004 vintages.
[21:09:36.531928 WARN] [openstudio.standards.AirLoopHVAC] Damper positions not modified for DOE Ref Pre-1980 or DOE Ref 1980-2004 vintages.
[21:09:36.531938 WARN] [openstudio.standards.AirLoopHVAC] Damper positions not modified for DOE Ref Pre-1980 or DOE Ref 1980-2004 vintages.
[21:09:36.533499 WARN] [openstudio.standards.Model] Find object search criteria returned 2 results, the first one will be returned. Called from :/ruby/2.7.0/gems/openstudio-standards-0.3.0/lib/openstudio-standards/standards/Standards.CoilCoolingDXSingleSpeed.rb:191:in `coil_cooling_dx_single_speed_apply_efficiency_and_curves'. 
 Search criteria: 
 {"template"=>"DOE Ref 1980-2004", "cooling_type"=>"AirCooled", "subcategory"=>"Single Package"}, capacity = 4684.904124634914 
  All results: 
 {"template"=>"DOE Ref 1980-2004", "cooling_type"=>"AirCooled", "heating_type"=>"All Other", "subcategory"=>"Single Package", "minimum_capacity"=>0.0, "maximum_capacity"=>64999.0, "start_date"=>"1919-09-09T00:00:00+00:00", "end_date"=>"2999-09-09T00:00:00+00:00", "minimum_seasonal_energy_efficiency_ratio"=>9.7, "minimum_energy_efficiency_ratio"=>nil, "minimum_integrated_part_load_value"=>nil, "minimum_integrated_energy_efficiency_ratio"=>nil, "ptac_eer_coefficient_1"=>nil, "ptac_eer_coefficient_2"=>nil, "minimum_scop"=>nil, "cool_cap_ft"=>"DOE Ref DX Clg Coil Cool-Cap-fT", "cool_cap_fflow"=>"DOE Ref DX Clg Coil Cool-CAP-fFlow", "cool_eir_ft"=>"DOE Ref DX Clg Coil Cool-EIR-fT", "cool_eir_fflow"=>"DOE Ref DX Clg Coil Cool-EIR-fFlow", "cool_plf_fplr"=>"DOE Ref DX Clg Coil Cool-PLF-fPLR", "notes"=>"From 90.1-1989"}
{"template"=>"DOE Ref 1980-2004", "cooling_type"=>"AirCooled", "heating_type"=>"Electric Resistance or None", "subcategory"=>"Single Package", "minimum_capacity"=>0.0, "maximum_capacity"=>64999.0, "start_date"=>"1919-09-09T00:00:00+00:00", "end_date"=>"2999-09-09T00:00:00+00:00", "minimum_seasonal_energy_efficiency_ratio"=>9.7, "minimum_energy_efficiency_ratio"=>nil, "minimum_integrated_part_load_value"=>nil, "minimum_integrated_energy_efficiency_ratio"=>nil, "ptac_eer_coefficient_1"=>nil, "ptac_eer_coefficient_2"=>nil, "minimum_scop"=>nil, "cool_cap_ft"=>"DOE Ref DX Clg Coil Cool-Cap-fT", "cool_cap_fflow"=>"DOE Ref DX Clg Coil Cool-CAP-fFlow", "cool_eir_ft"=>"DOE Ref DX Clg Coil Cool-EIR-fT", "cool_eir_fflow"=>"DOE Ref DX Clg Coil Cool-EIR-fFlow", "cool_plf_fplr"=>"DOE Ref DX Clg Coil Cool-PLF-fPLR", "notes"=>"From 90.1-1989"}
[21:09:36.533591 WARN] [openstudio.standards.Model] Find object search criteria returned 2 results, the first one will be returned. Called from :/ruby/2.7.0/gems/openstudio-standards-0.3.0/lib/openstudio-standards/standards/Standards.CoilCoolingDXSingleSpeed.rb:61:in `coil_cooling_dx_single_speed_standard_minimum_cop'. 
 Search criteria: 
 {"template"=>"DOE Ref 1980-2004", "cooling_type"=>"AirCooled", "subcategory"=>"Single Package"}, capacity = 4684.904124634914 
  All results: 
 {"template"=>"DOE Ref 1980-2004", "cooling_type"=>"AirCooled", "heating_type"=>"All Other", "subcategory"=>"Single Package", "minimum_capacity"=>0.0, "maximum_capacity"=>64999.0, "start_date"=>"1919-09-09T00:00:00+00:00", "end_date"=>"2999-09-09T00:00:00+00:00", "minimum_seasonal_energy_efficiency_ratio"=>9.7, "minimum_energy_efficiency_ratio"=>nil, "minimum_integrated_part_load_value"=>nil, "minimum_integrated_energy_efficiency_ratio"=>nil, "ptac_eer_coefficient_1"=>nil, "ptac_eer_coefficient_2"=>nil, "minimum_scop"=>nil, "cool_cap_ft"=>"DOE Ref DX Clg Coil Cool-Cap-fT", "cool_cap_fflow"=>"DOE Ref DX Clg Coil Cool-CAP-fFlow", "cool_eir_ft"=>"DOE Ref DX Clg Coil Cool-EIR-fT", "cool_eir_fflow"=>"DOE Ref DX Clg Coil Cool-EIR-fFlow", "cool_plf_fplr"=>"DOE Ref DX Clg Coil Cool-PLF-fPLR", "notes"=>"From 90.1-1989"}
{"template"=>"DOE Ref 1980-2004", "cooling_type"=>"AirCooled", "heating_type"=>"Electric Resistance or None", "subcategory"=>"Single Package", "minimum_capacity"=>0.0, "maximum_capacity"=>64999.0, "start_date"=>"1919-09-09T00:00:00+00:00", "end_date"=>"2999-09-09T00:00:00+00:00", "minimum_seasonal_energy_efficiency_ratio"=>9.7, "minimum_energy_efficiency_ratio"=>nil, "minimum_integrated_part_load_value"=>nil, "minimum_integrated_energy_efficiency_ratio"=>nil, "ptac_eer_coefficient_1"=>nil, "ptac_eer_coefficient_2"=>nil, "minimum_scop"=>nil, "cool_cap_ft"=>"DOE Ref DX Clg Coil Cool-Cap-fT", "cool_cap_fflow"=>"DOE Ref DX Clg Coil Cool-CAP-fFlow", "cool_eir_ft"=>"DOE Ref DX Clg Coil Cool-EIR-fT", "cool_eir_fflow"=>"DOE Ref DX Clg Coil Cool-EIR-fFlow", "cool_plf_fplr"=>"DOE Ref DX Clg Coil Cool-PLF-fPLR", "notes"=>"From 90.1-1989"}
[21:09:36.533620 WARN] [openstudio.standards.Model] Find object search criteria returned 2 results, the first one will be returned. Called from :/ruby/2.7.0/gems/openstudio-standards-0.3.0/lib/openstudio-standards/standards/Standards.CoilCoolingDXSingleSpeed.rb:191:in `coil_cooling_dx_single_speed_apply_efficiency_and_curves'. 
 Search criteria: 
 {"template"=>"DOE Ref 1980-2004", "cooling_type"=>"AirCooled", "subcategory"=>"Single Package"}, capacity = 7832.9478374383825 
  All results: 
 {"template"=>"DOE Ref 1980-2004", "cooling_type"=>"AirCooled", "heating_type"=>"All Other", "subcategory"=>"Single Package", "minimum_capacity"=>0.0, "maximum_capacity"=>64999.0, "start_date"=>"1919-09-09T00:00:00+00:00", "end_date"=>"2999-09-09T00:00:00+00:00", "minimum_seasonal_energy_efficiency_ratio"=>9.7, "minimum_energy_efficiency_ratio"=>nil, "minimum_integrated_part_load_value"=>nil, "minimum_integrated_energy_efficiency_ratio"=>nil, "ptac_eer_coefficient_1"=>nil, "ptac_eer_coefficient_2"=>nil, "minimum_scop"=>nil, "cool_cap_ft"=>"DOE Ref DX Clg Coil Cool-Cap-fT", "cool_cap_fflow"=>"DOE Ref DX Clg Coil Cool-CAP-fFlow", "cool_eir_ft"=>"DOE Ref DX Clg Coil Cool-EIR-fT", "cool_eir_fflow"=>"DOE Ref DX Clg Coil Cool-EIR-fFlow", "cool_plf_fplr"=>"DOE Ref DX Clg Coil Cool-PLF-fPLR", "notes"=>"From 90.1-1989"}
{"template"=>"DOE Ref 1980-2004", "cooling_type"=>"AirCooled", "heating_type"=>"Electric Resistance or None", "subcategory"=>"Single Package", "minimum_capacity"=>0.0, "maximum_capacity"=>64999.0, "start_date"=>"1919-09-09T00:00:00+00:00", "end_date"=>"2999-09-09T00:00:00+00:00", "minimum_seasonal_energy_efficiency_ratio"=>9.7, "minimum_energy_efficiency_ratio"=>nil, "minimum_integrated_part_load_value"=>nil, "minimum_integrated_energy_efficiency_ratio"=>nil, "ptac_eer_coefficient_1"=>nil, "ptac_eer_coefficient_2"=>nil, "minimum_scop"=>nil, "cool_cap_ft"=>"DOE Ref DX Clg Coil Cool-Cap-fT", "cool_cap_fflow"=>"DOE Ref DX Clg Coil Cool-CAP-fFlow", "cool_eir_ft"=>"DOE Ref DX Clg Coil Cool-EIR-fT", "cool_eir_fflow"=>"DOE Ref DX Clg Coil Cool-EIR-fFlow", "cool_plf_fplr"=>"DOE Ref DX Clg Coil Cool-PLF-fPLR", "notes"=>"From 90.1-1989"}
[21:09:36.533679 WARN] [openstudio.standards.Model] Find object search criteria returned 2 results, the first one will be returned. Called from :/ruby/2.7.0/gems/openstudio-standards-0.3.0/lib/openstudio-standards/standards/Standards.CoilCoolingDXSingleSpeed.rb:61:in `coil_cooling_dx_single_speed_standard_minimum_cop'. 
 Search criteria: 
 {"template"=>"DOE Ref 1980-2004", "cooling_type"=>"AirCooled", "subcategory"=>"Single Package"}, capacity = 7832.9478374383825 
  All results: 
 {"template"=>"DOE Ref 1980-2004", "cooling_type"=>"AirCooled", "heating_type"=>"All Other", "subcategory"=>"Single Package", "minimum_capacity"=>0.0, "maximum_capacity"=>64999.0, "start_date"=>"1919-09-09T00:00:00+00:00", "end_date"=>"2999-09-09T00:00:00+00:00", "minimum_seasonal_energy_efficiency_ratio"=>9.7, "minimum_energy_efficiency_ratio"=>nil, "minimum_integrated_part_load_value"=>nil, "minimum_integrated_energy_efficiency_ratio"=>nil, "ptac_eer_coefficient_1"=>nil, "ptac_eer_coefficient_2"=>nil, "minimum_scop"=>nil, "cool_cap_ft"=>"DOE Ref DX Clg Coil Cool-Cap-fT", "cool_cap_fflow"=>"DOE Ref DX Clg Coil Cool-CAP-fFlow", "cool_eir_ft"=>"DOE Ref DX Clg Coil Cool-EIR-fT", "cool_eir_fflow"=>"DOE Ref DX Clg Coil Cool-EIR-fFlow", "cool_plf_fplr"=>"DOE Ref DX Clg Coil Cool-PLF-fPLR", "notes"=>"From 90.1-1989"}
{"template"=>"DOE Ref 1980-2004", "cooling_type"=>"AirCooled", "heating_type"=>"Electric Resistance or None", "subcategory"=>"Single Package", "minimum_capacity"=>0.0, "maximum_capacity"=>64999.0, "start_date"=>"1919-09-09T00:00:00+00:00", "end_date"=>"2999-09-09T00:00:00+00:00", "minimum_seasonal_energy_efficiency_ratio"=>9.7, "minimum_energy_efficiency_ratio"=>nil, "minimum_integrated_part_load_value"=>nil, "minimum_integrated_energy_efficiency_ratio"=>nil, "ptac_eer_coefficient_1"=>nil, "ptac_eer_coefficient_2"=>nil, "minimum_scop"=>nil, "cool_cap_ft"=>"DOE Ref DX Clg Coil Cool-Cap-fT", "cool_cap_fflow"=>"DOE Ref DX Clg Coil Cool-CAP-fFlow", "cool_eir_ft"=>"DOE Ref DX Clg Coil Cool-EIR-fT", "cool_eir_fflow"=>"DOE Ref DX Clg Coil Cool-EIR-fFlow", "cool_plf_fplr"=>"DOE Ref DX Clg Coil Cool-PLF-fPLR", "notes"=>"From 90.1-1989"}
[21:09:36.533705 WARN] [openstudio.standards.Model] Find object search criteria returned 2 results, the first one will be returned. Called from :/ruby/2.7.0/gems/openstudio-standards-0.3.0/lib/openstudio-standards/standards/Standards.CoilCoolingDXSingleSpeed.rb:191:in `coil_cooling_dx_single_speed_apply_efficiency_and_curves'. 
 Search criteria: 
 {"template"=>"DOE Ref 1980-2004", "cooling_type"=>"AirCooled", "subcategory"=>"Single Package"}, capacity = 2933.176759699319 
  All results: 
 {"template"=>"DOE Ref 1980-2004", "cooling_type"=>"AirCooled", "heating_type"=>"All Other", "subcategory"=>"Single Package", "minimum_capacity"=>0.0, "maximum_capacity"=>64999.0, "start_date"=>"1919-09-09T00:00:00+00:00", "end_date"=>"2999-09-09T00:00:00+00:00", "minimum_seasonal_energy_efficiency_ratio"=>9.7, "minimum_energy_efficiency_ratio"=>nil, "minimum_integrated_part_load_value"=>nil, "minimum_integrated_energy_efficiency_ratio"=>nil, "ptac_eer_coefficient_1"=>nil, "ptac_eer_coefficient_2"=>nil, "minimum_scop"=>nil, "cool_cap_ft"=>"DOE Ref DX Clg Coil Cool-Cap-fT", "cool_cap_fflow"=>"DOE Ref DX Clg Coil Cool-CAP-fFlow", "cool_eir_ft"=>"DOE Ref DX Clg Coil Cool-EIR-fT", "cool_eir_fflow"=>"DOE Ref DX Clg Coil Cool-EIR-fFlow", "cool_plf_fplr"=>"DOE Ref DX Clg Coil Cool-PLF-fPLR", "notes"=>"From 90.1-1989"}
{"template"=>"DOE Ref 1980-2004", "cooling_type"=>"AirCooled", "heating_type"=>"Electric Resistance or None", "subcategory"=>"Single Package", "minimum_capacity"=>0.0, "maximum_capacity"=>64999.0, "start_date"=>"1919-09-09T00:00:00+00:00", "end_date"=>"2999-09-09T00:00:00+00:00", "minimum_seasonal_energy_efficiency_ratio"=>9.7, "minimum_energy_efficiency_ratio"=>nil, "minimum_integrated_part_load_value"=>nil, "minimum_integrated_energy_efficiency_ratio"=>nil, "ptac_eer_coefficient_1"=>nil, "ptac_eer_coefficient_2"=>nil, "minimum_scop"=>nil, "cool_cap_ft"=>"DOE Ref DX Clg Coil Cool-Cap-fT", "cool_cap_fflow"=>"DOE Ref DX Clg Coil Cool-CAP-fFlow", "cool_eir_ft"=>"DOE Ref DX Clg Coil Cool-EIR-fT", "cool_eir_fflow"=>"DOE Ref DX Clg Coil Cool-EIR-fFlow", "cool_plf_fplr"=>"DOE Ref DX Clg Coil Cool-PLF-fPLR", "notes"=>"From 90.1-1989"}
[21:09:36.533776 WARN] [openstudio.standards.Model] Find object search criteria returned 2 results, the first one will be returned. Called from :/ruby/2.7.0/gems/openstudio-standards-0.3.0/lib/openstudio-standards/standards/Standards.CoilCoolingDXSingleSpeed.rb:61:in `coil_cooling_dx_single_speed_standard_minimum_cop'. 
 Search criteria: 
 {"template"=>"DOE Ref 1980-2004", "cooling_type"=>"AirCooled", "subcategory"=>"Single Package"}, capacity = 2933.176759699319 
  All results: 
 {"template"=>"DOE Ref 1980-2004", "cooling_type"=>"AirCooled", "heating_type"=>"All Other", "subcategory"=>"Single Package", "minimum_capacity"=>0.0, "maximum_capacity"=>64999.0, "start_date"=>"1919-09-09T00:00:00+00:00", "end_date"=>"2999-09-09T00:00:00+00:00", "minimum_seasonal_energy_efficiency_ratio"=>9.7, "minimum_energy_efficiency_ratio"=>nil, "minimum_integrated_part_load_value"=>nil, "minimum_integrated_energy_efficiency_ratio"=>nil, "ptac_eer_coefficient_1"=>nil, "ptac_eer_coefficient_2"=>nil, "minimum_scop"=>nil, "cool_cap_ft"=>"DOE Ref DX Clg Coil Cool-Cap-fT", "cool_cap_fflow"=>"DOE Ref DX Clg Coil Cool-CAP-fFlow", "cool_eir_ft"=>"DOE Ref DX Clg Coil Cool-EIR-fT", "cool_eir_fflow"=>"DOE Ref DX Clg Coil Cool-EIR-fFlow", "cool_plf_fplr"=>"DOE Ref DX Clg Coil Cool-PLF-fPLR", "notes"=>"From 90.1-1989"}
{"template"=>"DOE Ref 1980-2004", "cooling_type"=>"AirCooled", "heating_type"=>"Electric Resistance or None", "subcategory"=>"Single Package", "minimum_capacity"=>0.0, "maximum_capacity"=>64999.0, "start_date"=>"1919-09-09T00:00:00+00:00", "end_date"=>"2999-09-09T00:00:00+00:00", "minimum_seasonal_energy_efficiency_ratio"=>9.7, "minimum_energy_efficiency_ratio"=>nil, "minimum_integrated_part_load_value"=>nil, "minimum_integrated_energy_efficiency_ratio"=>nil, "ptac_eer_coefficient_1"=>nil, "ptac_eer_coefficient_2"=>nil, "minimum_scop"=>nil, "cool_cap_ft"=>"DOE Ref DX Clg Coil Cool-Cap-fT", "cool_cap_fflow"=>"DOE Ref DX Clg Coil Cool-CAP-fFlow", "cool_eir_ft"=>"DOE Ref DX Clg Coil Cool-EIR-fT", "cool_eir_fflow"=>"DOE Ref DX Clg Coil Cool-EIR-fFlow", "cool_plf_fplr"=>"DOE Ref DX Clg Coil Cool-PLF-fPLR", "notes"=>"From 90.1-1989"}
[21:09:36.533805 WARN] [openstudio.standards.Model] Find object search criteria returned 2 results, the first one will be returned. Called from :/ruby/2.7.0/gems/openstudio-standards-0.3.0/lib/openstudio-standards/standards/Standards.CoilCoolingDXSingleSpeed.rb:191:in `coil_cooling_dx_single_speed_apply_efficiency_and_curves'. 
 Search criteria: 
 {"template"=>"DOE Ref 1980-2004", "cooling_type"=>"AirCooled", "subcategory"=>"Single Package"}, capacity = 11353.688641447496 
  All results: 
 {"template"=>"DOE Ref 1980-2004", "cooling_type"=>"AirCooled", "heating_type"=>"All Other", "subcategory"=>"Single Package", "minimum_capacity"=>0.0, "maximum_capacity"=>64999.0, "start_date"=>"1919-09-09T00:00:00+00:00", "end_date"=>"2999-09-09T00:00:00+00:00", "minimum_seasonal_energy_efficiency_ratio"=>9.7, "minimum_energy_efficiency_ratio"=>nil, "minimum_integrated_part_load_value"=>nil, "minimum_integrated_energy_efficiency_ratio"=>nil, "ptac_eer_coefficient_1"=>nil, "ptac_eer_coefficient_2"=>nil, "minimum_scop"=>nil, "cool_cap_ft"=>"DOE Ref DX Clg Coil Cool-Cap-fT", "cool_cap_fflow"=>"DOE Ref DX Clg Coil Cool-CAP-fFlow", "cool_eir_ft"=>"DOE Ref DX Clg Coil Cool-EIR-fT", "cool_eir_fflow"=>"DOE Ref DX Clg Coil Cool-EIR-fFlow", "cool_plf_fplr"=>"DOE Ref DX Clg Coil Cool-PLF-fPLR", "notes"=>"From 90.1-1989"}
{"template"=>"DOE Ref 1980-2004", "cooling_type"=>"AirCooled", "heating_type"=>"Electric Resistance or None", "subcategory"=>"Single Package", "minimum_capacity"=>0.0, "maximum_capacity"=>64999.0, "start_date"=>"1919-09-09T00:00:00+00:00", "end_date"=>"2999-09-09T00:00:00+00:00", "minimum_seasonal_energy_efficiency_ratio"=>9.7, "minimum_energy_efficiency_ratio"=>nil, "minimum_integrated_part_load_value"=>nil, "minimum_integrated_energy_efficiency_ratio"=>nil, "ptac_eer_coefficient_1"=>nil, "ptac_eer_coefficient_2"=>nil, "minimum_scop"=>nil, "cool_cap_ft"=>"DOE Ref DX Clg Coil Cool-Cap-fT", "cool_cap_fflow"=>"DOE Ref DX Clg Coil Cool-CAP-fFlow", "cool_eir_ft"=>"DOE Ref DX Clg Coil Cool-EIR-fT", "cool_eir_fflow"=>"DOE Ref DX Clg Coil Cool-EIR-fFlow", "cool_plf_fplr"=>"DOE Ref DX Clg Coil Cool-PLF-fPLR", "notes"=>"From 90.1-1989"}
[21:09:36.533862 WARN] [openstudio.standards.Model] Find object search criteria returned 2 results, the first one will be returned. Called from :/ruby/2.7.0/gems/openstudio-standards-0.3.0/lib/openstudio-standards/standards/Standards.CoilCoolingDXSingleSpeed.rb:61:in `coil_cooling_dx_single_speed_standard_minimum_cop'. 
 Search criteria: 
 {"template"=>"DOE Ref 1980-2004", "cooling_type"=>"AirCooled", "subcategory"=>"Single Package"}, capacity = 11353.688641447496 
  All results: 
 {"template"=>"DOE Ref 1980-2004", "cooling_type"=>"AirCooled", "heating_type"=>"All Other", "subcategory"=>"Single Package", "minimum_capacity"=>0.0, "maximum_capacity"=>64999.0, "start_date"=>"1919-09-09T00:00:00+00:00", "end_date"=>"2999-09-09T00:00:00+00:00", "minimum_seasonal_energy_efficiency_ratio"=>9.7, "minimum_energy_efficiency_ratio"=>nil, "minimum_integrated_part_load_value"=>nil, "minimum_integrated_energy_efficiency_ratio"=>nil, "ptac_eer_coefficient_1"=>nil, "ptac_eer_coefficient_2"=>nil, "minimum_scop"=>nil, "cool_cap_ft"=>"DOE Ref DX Clg Coil Cool-Cap-fT", "cool_cap_fflow"=>"DOE Ref DX Clg Coil Cool-CAP-fFlow", "cool_eir_ft"=>"DOE Ref DX Clg Coil Cool-EIR-fT", "cool_eir_fflow"=>"DOE Ref DX Clg Coil Cool-EIR-fFlow", "cool_plf_fplr"=>"DOE Ref DX Clg Coil Cool-PLF-fPLR", "notes"=>"From 90.1-1989"}
{"template"=>"DOE Ref 1980-2004", "cooling_type"=>"AirCooled", "heating_type"=>"Electric Resistance or None", "subcategory"=>"Single Package", "minimum_capacity"=>0.0, "maximum_capacity"=>64999.0, "start_date"=>"1919-09-09T00:00:00+00:00", "end_date"=>"2999-09-09T00:00:00+00:00", "minimum_seasonal_energy_efficiency_ratio"=>9.7, "minimum_energy_efficiency_ratio"=>nil, "minimum_integrated_part_load_value"=>nil, "minimum_integrated_energy_efficiency_ratio"=>nil, "ptac_eer_coefficient_1"=>nil, "ptac_eer_coefficient_2"=>nil, "minimum_scop"=>nil, "cool_cap_ft"=>"DOE Ref DX Clg Coil Cool-Cap-fT", "cool_cap_fflow"=>"DOE Ref DX Clg Coil Cool-CAP-fFlow", "cool_eir_ft"=>"DOE Ref DX Clg Coil Cool-EIR-fT", "cool_eir_fflow"=>"DOE Ref DX Clg Coil Cool-EIR-fFlow", "cool_plf_fplr"=>"DOE Ref DX Clg Coil Cool-PLF-fPLR", "notes"=>"From 90.1-1989"}
[21:09:36.533889 WARN] [openstudio.standards.Model] Find object search criteria returned 2 results, the first one will be returned. Called from :/ruby/2.7.0/gems/openstudio-standards-0.3.0/lib/openstudio-standards/standards/Standards.CoilCoolingDXSingleSpeed.rb:191:in `coil_cooling_dx_single_speed_apply_efficiency_and_curves'. 
 Search criteria: 
 {"template"=>"DOE Ref 1980-2004", "cooling_type"=>"AirCooled", "subcategory"=>"Single Package"}, capacity = 4450.6879972260185 
  All results: 
 {"template"=>"DOE Ref 1980-2004", "cooling_type"=>"AirCooled", "heating_type"=>"All Other", "subcategory"=>"Single Package", "minimum_capacity"=>0.0, "maximum_capacity"=>64999.0, "start_date"=>"1919-09-09T00:00:00+00:00", "end_date"=>"2999-09-09T00:00:00+00:00", "minimum_seasonal_energy_efficiency_ratio"=>9.7, "minimum_energy_efficiency_ratio"=>nil, "minimum_integrated_part_load_value"=>nil, "minimum_integrated_energy_efficiency_ratio"=>nil, "ptac_eer_coefficient_1"=>nil, "ptac_eer_coefficient_2"=>nil, "minimum_scop"=>nil, "cool_cap_ft"=>"DOE Ref DX Clg Coil Cool-Cap-fT", "cool_cap_fflow"=>"DOE Ref DX Clg Coil Cool-CAP-fFlow", "cool_eir_ft"=>"DOE Ref DX Clg Coil Cool-EIR-fT", "cool_eir_fflow"=>"DOE Ref DX Clg Coil Cool-EIR-fFlow", "cool_plf_fplr"=>"DOE Ref DX Clg Coil Cool-PLF-fPLR", "notes"=>"From 90.1-1989"}
{"template"=>"DOE Ref 1980-2004", "cooling_type"=>"AirCooled", "heating_type"=>"Electric Resistance or None", "subcategory"=>"Single Package", "minimum_capacity"=>0.0, "maximum_capacity"=>64999.0, "start_date"=>"1919-09-09T00:00:00+00:00", "end_date"=>"2999-09-09T00:00:00+00:00", "minimum_seasonal_energy_efficiency_ratio"=>9.7, "minimum_energy_efficiency_ratio"=>nil, "minimum_integrated_part_load_value"=>nil, "minimum_integrated_energy_efficiency_ratio"=>nil, "ptac_eer_coefficient_1"=>nil, "ptac_eer_coefficient_2"=>nil, "minimum_scop"=>nil, "cool_cap_ft"=>"DOE Ref DX Clg Coil Cool-Cap-fT", "cool_cap_fflow"=>"DOE Ref DX Clg Coil Cool-CAP-fFlow", "cool_eir_ft"=>"DOE Ref DX Clg Coil Cool-EIR-fT", "cool_eir_fflow"=>"DOE Ref DX Clg Coil Cool-EIR-fFlow", "cool_plf_fplr"=>"DOE Ref DX Clg Coil Cool-PLF-fPLR", "notes"=>"From 90.1-1989"}
[21:09:36.533965 WARN] [openstudio.standards.Model] Find object search criteria returned 2 results, the first one will be returned. Called from :/ruby/2.7.0/gems/openstudio-standards-0.3.0/lib/openstudio-standards/standards/Standards.CoilCoolingDXSingleSpeed.rb:61:in `coil_cooling_dx_single_speed_standard_minimum_cop'. 
 Search criteria: 
 {"template"=>"DOE Ref 1980-2004", "cooling_type"=>"AirCooled", "subcategory"=>"Single Package"}, capacity = 4450.6879972260185 
  All results: 
 {"template"=>"DOE Ref 1980-2004", "cooling_type"=>"AirCooled", "heating_type"=>"All Other", "subcategory"=>"Single Package", "minimum_capacity"=>0.0, "maximum_capacity"=>64999.0, "start_date"=>"1919-09-09T00:00:00+00:00", "end_date"=>"2999-09-09T00:00:00+00:00", "minimum_seasonal_energy_efficiency_ratio"=>9.7, "minimum_energy_efficiency_ratio"=>nil, "minimum_integrated_part_load_value"=>nil, "minimum_integrated_energy_efficiency_ratio"=>nil, "ptac_eer_coefficient_1"=>nil, "ptac_eer_coefficient_2"=>nil, "minimum_scop"=>nil, "cool_cap_ft"=>"DOE Ref DX Clg Coil Cool-Cap-fT", "cool_cap_fflow"=>"DOE Ref DX Clg Coil Cool-CAP-fFlow", "cool_eir_ft"=>"DOE Ref DX Clg Coil Cool-EIR-fT", "cool_eir_fflow"=>"DOE Ref DX Clg Coil Cool-EIR-fFlow", "cool_plf_fplr"=>"DOE Ref DX Clg Coil Cool-PLF-fPLR", "notes"=>"From 90.1-1989"}
{"template"=>"DOE Ref 1980-2004", "cooling_type"=>"AirCooled", "heating_type"=>"Electric Resistance or None", "subcategory"=>"Single Package", "minimum_capacity"=>0.0, "maximum_capacity"=>64999.0, "start_date"=>"1919-09-09T00:00:00+00:00", "end_date"=>"2999-09-09T00:00:00+00:00", "minimum_seasonal_energy_efficiency_ratio"=>9.7, "minimum_energy_efficiency_ratio"=>nil, "minimum_integrated_part_load_value"=>nil, "minimum_integrated_energy_efficiency_ratio"=>nil, "ptac_eer_coefficient_1"=>nil, "ptac_eer_coefficient_2"=>nil, "minimum_scop"=>nil, "cool_cap_ft"=>"DOE Ref DX Clg Coil Cool-Cap-fT", "cool_cap_fflow"=>"DOE Ref DX Clg Coil Cool-CAP-fFlow", "cool_eir_ft"=>"DOE Ref DX Clg Coil Cool-EIR-fT", "cool_eir_fflow"=>"DOE Ref DX Clg Coil Cool-EIR-fFlow", "cool_plf_fplr"=>"DOE Ref DX Clg Coil Cool-PLF-fPLR", "notes"=>"From 90.1-1989"}
[21:09:36.533990 WARN] [openstudio.standards.Model] Find object search criteria returned 2 results, the first one will be returned. Called from :/ruby/2.7.0/gems/openstudio-standards-0.3.0/lib/openstudio-standards/standards/Standards.CoilCoolingDXSingleSpeed.rb:191:in `coil_cooling_dx_single_speed_apply_efficiency_and_curves'. 
 Search criteria: 
 {"template"=>"DOE Ref 1980-2004", "cooling_type"=>"AirCooled", "subcategory"=>"Single Package"}, capacity = 7403.291177039207 
  All results: 
 {"template"=>"DOE Ref 1980-2004", "cooling_type"=>"AirCooled", "heating_type"=>"All Other", "subcategory"=>"Single Package", "minimum_capacity"=>0.0, "maximum_capacity"=>64999.0, "start_date"=>"1919-09-09T00:00:00+00:00", "end_date"=>"2999-09-09T00:00:00+00:00", "minimum_seasonal_energy_efficiency_ratio"=>9.7, "minimum_energy_efficiency_ratio"=>nil, "minimum_integrated_part_load_value"=>nil, "minimum_integrated_energy_efficiency_ratio"=>nil, "ptac_eer_coefficient_1"=>nil, "ptac_eer_coefficient_2"=>nil, "minimum_scop"=>nil, "cool_cap_ft"=>"DOE Ref DX Clg Coil Cool-Cap-fT", "cool_cap_fflow"=>"DOE Ref DX Clg Coil Cool-CAP-fFlow", "cool_eir_ft"=>"DOE Ref DX Clg Coil Cool-EIR-fT", "cool_eir_fflow"=>"DOE Ref DX Clg Coil Cool-EIR-fFlow", "cool_plf_fplr"=>"DOE Ref DX Clg Coil Cool-PLF-fPLR", "notes"=>"From 90.1-1989"}
{"template"=>"DOE Ref 1980-2004", "cooling_type"=>"AirCooled", "heating_type"=>"Electric Resistance or None", "subcategory"=>"Single Package", "minimum_capacity"=>0.0, "maximum_capacity"=>64999.0, "start_date"=>"1919-09-09T00:00:00+00:00", "end_date"=>"2999-09-09T00:00:00+00:00", "minimum_seasonal_energy_efficiency_ratio"=>9.7, "minimum_energy_efficiency_ratio"=>nil, "minimum_integrated_part_load_value"=>nil, "minimum_integrated_energy_efficiency_ratio"=>nil, "ptac_eer_coefficient_1"=>nil, "ptac_eer_coefficient_2"=>nil, "minimum_scop"=>nil, "cool_cap_ft"=>"DOE Ref DX Clg Coil Cool-Cap-fT", "cool_cap_fflow"=>"DOE Ref DX Clg Coil Cool-CAP-fFlow", "cool_eir_ft"=>"DOE Ref DX Clg Coil Cool-EIR-fT", "cool_eir_fflow"=>"DOE Ref DX Clg Coil Cool-EIR-fFlow", "cool_plf_fplr"=>"DOE Ref DX Clg Coil Cool-PLF-fPLR", "notes"=>"From 90.1-1989"}
[21:09:36.534049 WARN] [openstudio.standards.Model] Find object search criteria returned 2 results, the first one will be returned. Called from :/ruby/2.7.0/gems/openstudio-standards-0.3.0/lib/openstudio-standards/standards/Standards.CoilCoolingDXSingleSpeed.rb:61:in `coil_cooling_dx_single_speed_standard_minimum_cop'. 
 Search criteria: 
 {"template"=>"DOE Ref 1980-2004", "cooling_type"=>"AirCooled", "subcategory"=>"Single Package"}, capacity = 7403.291177039207 
  All results: 
 {"template"=>"DOE Ref 1980-2004", "cooling_type"=>"AirCooled", "heating_type"=>"All Other", "subcategory"=>"Single Package", "minimum_capacity"=>0.0, "maximum_capacity"=>64999.0, "start_date"=>"1919-09-09T00:00:00+00:00", "end_date"=>"2999-09-09T00:00:00+00:00", "minimum_seasonal_energy_efficiency_ratio"=>9.7, "minimum_energy_efficiency_ratio"=>nil, "minimum_integrated_part_load_value"=>nil, "minimum_integrated_energy_efficiency_ratio"=>nil, "ptac_eer_coefficient_1"=>nil, "ptac_eer_coefficient_2"=>nil, "minimum_scop"=>nil, "cool_cap_ft"=>"DOE Ref DX Clg Coil Cool-Cap-fT", "cool_cap_fflow"=>"DOE Ref DX Clg Coil Cool-CAP-fFlow", "cool_eir_ft"=>"DOE Ref DX Clg Coil Cool-EIR-fT", "cool_eir_fflow"=>"DOE Ref DX Clg Coil Cool-EIR-fFlow", "cool_plf_fplr"=>"DOE Ref DX Clg Coil Cool-PLF-fPLR", "notes"=>"From 90.1-1989"}
{"template"=>"DOE Ref 1980-2004", "cooling_type"=>"AirCooled", "heating_type"=>"Electric Resistance or None", "subcategory"=>"Single Package", "minimum_capacity"=>0.0, "maximum_capacity"=>64999.0, "start_date"=>"1919-09-09T00:00:00+00:00", "end_date"=>"2999-09-09T00:00:00+00:00", "minimum_seasonal_energy_efficiency_ratio"=>9.7, "minimum_energy_efficiency_ratio"=>nil, "minimum_integrated_part_load_value"=>nil, "minimum_integrated_energy_efficiency_ratio"=>nil, "ptac_eer_coefficient_1"=>nil, "ptac_eer_coefficient_2"=>nil, "minimum_scop"=>nil, "cool_cap_ft"=>"DOE Ref DX Clg Coil Cool-Cap-fT", "cool_cap_fflow"=>"DOE Ref DX Clg Coil Cool-CAP-fFlow", "cool_eir_ft"=>"DOE Ref DX Clg Coil Cool-EIR-fT", "cool_eir_fflow"=>"DOE Ref DX Clg Coil Cool-EIR-fFlow", "cool_plf_fplr"=>"DOE Ref DX Clg Coil Cool-PLF-fPLR", "notes"=>"From 90.1-1989"}
[21:09:36.534094 WARN] [openstudio.standards.Model] Find object search criteria returned 2 results, the first one will be returned. Called from :/ruby/2.7.0/gems/openstudio-standards-0.3.0/lib/openstudio-standards/standards/Standards.CoilCoolingDXSingleSpeed.rb:191:in `coil_cooling_dx_single_speed_apply_efficiency_and_curves'. 
 Search criteria: 
 {"template"=>"DOE Ref 1980-2004", "cooling_type"=>"AirCooled", "subcategory"=>"Single Package"}, capacity = 4982.078992935729 
  All results: 
 {"template"=>"DOE Ref 1980-2004", "cooling_type"=>"AirCooled", "heating_type"=>"All Other", "subcategory"=>"Single Package", "minimum_capacity"=>0.0, "maximum_capacity"=>64999.0, "start_date"=>"1919-09-09T00:00:00+00:00", "end_date"=>"2999-09-09T00:00:00+00:00", "minimum_seasonal_energy_efficiency_ratio"=>9.7, "minimum_energy_efficiency_ratio"=>nil, "minimum_integrated_part_load_value"=>nil, "minimum_integrated_energy_efficiency_ratio"=>nil, "ptac_eer_coefficient_1"=>nil, "ptac_eer_coefficient_2"=>nil, "minimum_scop"=>nil, "cool_cap_ft"=>"DOE Ref DX Clg Coil Cool-Cap-fT", "cool_cap_fflow"=>"DOE Ref DX Clg Coil Cool-CAP-fFlow", "cool_eir_ft"=>"DOE Ref DX Clg Coil Cool-EIR-fT", "cool_eir_fflow"=>"DOE Ref DX Clg Coil Cool-EIR-fFlow", "cool_plf_fplr"=>"DOE Ref DX Clg Coil Cool-PLF-fPLR", "notes"=>"From 90.1-1989"}
{"template"=>"DOE Ref 1980-2004", "cooling_type"=>"AirCooled", "heating_type"=>"Electric Resistance or None", "subcategory"=>"Single Package", "minimum_capacity"=>0.0, "maximum_capacity"=>64999.0, "start_date"=>"1919-09-09T00:00:00+00:00", "end_date"=>"2999-09-09T00:00:00+00:00", "minimum_seasonal_energy_efficiency_ratio"=>9.7, "minimum_energy_efficiency_ratio"=>nil, "minimum_integrated_part_load_value"=>nil, "minimum_integrated_energy_efficiency_ratio"=>nil, "ptac_eer_coefficient_1"=>nil, "ptac_eer_coefficient_2"=>nil, "minimum_scop"=>nil, "cool_cap_ft"=>"DOE Ref DX Clg Coil Cool-Cap-fT", "cool_cap_fflow"=>"DOE Ref DX Clg Coil Cool-CAP-fFlow", "cool_eir_ft"=>"DOE Ref DX Clg Coil Cool-EIR-fT", "cool_eir_fflow"=>"DOE Ref DX Clg Coil Cool-EIR-fFlow", "cool_plf_fplr"=>"DOE Ref DX Clg Coil Cool-PLF-fPLR", "notes"=>"From 90.1-1989"}
[21:09:36.534166 WARN] [openstudio.standards.Model] Find object search criteria returned 2 results, the first one will be returned. Called from :/ruby/2.7.0/gems/openstudio-standards-0.3.0/lib/openstudio-standards/standards/Standards.CoilCoolingDXSingleSpeed.rb:61:in `coil_cooling_dx_single_speed_standard_minimum_cop'. 
 Search criteria: 
 {"template"=>"DOE Ref 1980-2004", "cooling_type"=>"AirCooled", "subcategory"=>"Single Package"}, capacity = 4982.078992935729 
  All results: 
 {"template"=>"DOE Ref 1980-2004", "cooling_type"=>"AirCooled", "heating_type"=>"All Other", "subcategory"=>"Single Package", "minimum_capacity"=>0.0, "maximum_capacity"=>64999.0, "start_date"=>"1919-09-09T00:00:00+00:00", "end_date"=>"2999-09-09T00:00:00+00:00", "minimum_seasonal_energy_efficiency_ratio"=>9.7, "minimum_energy_efficiency_ratio"=>nil, "minimum_integrated_part_load_value"=>nil, "minimum_integrated_energy_efficiency_ratio"=>nil, "ptac_eer_coefficient_1"=>nil, "ptac_eer_coefficient_2"=>nil, "minimum_scop"=>nil, "cool_cap_ft"=>"DOE Ref DX Clg Coil Cool-Cap-fT", "cool_cap_fflow"=>"DOE Ref DX Clg Coil Cool-CAP-fFlow", "cool_eir_ft"=>"DOE Ref DX Clg Coil Cool-EIR-fT", "cool_eir_fflow"=>"DOE Ref DX Clg Coil Cool-EIR-fFlow", "cool_plf_fplr"=>"DOE Ref DX Clg Coil Cool-PLF-fPLR", "notes"=>"From 90.1-1989"}
{"template"=>"DOE Ref 1980-2004", "cooling_type"=>"AirCooled", "heating_type"=>"Electric Resistance or None", "subcategory"=>"Single Package", "minimum_capacity"=>0.0, "maximum_capacity"=>64999.0, "start_date"=>"1919-09-09T00:00:00+00:00", "end_date"=>"2999-09-09T00:00:00+00:00", "minimum_seasonal_energy_efficiency_ratio"=>9.7, "minimum_energy_efficiency_ratio"=>nil, "minimum_integrated_part_load_value"=>nil, "minimum_integrated_energy_efficiency_ratio"=>nil, "ptac_eer_coefficient_1"=>nil, "ptac_eer_coefficient_2"=>nil, "minimum_scop"=>nil, "cool_cap_ft"=>"DOE Ref DX Clg Coil Cool-Cap-fT", "cool_cap_fflow"=>"DOE Ref DX Clg Coil Cool-CAP-fFlow", "cool_eir_ft"=>"DOE Ref DX Clg Coil Cool-EIR-fT", "cool_eir_fflow"=>"DOE Ref DX Clg Coil Cool-EIR-fFlow", "cool_plf_fplr"=>"DOE Ref DX Clg Coil Cool-PLF-fPLR", "notes"=>"From 90.1-1989"}
[21:09:36.534198 WARN] [openstudio.standards.Model] Find object search criteria returned 2 results, the first one will be returned. Called from :/ruby/2.7.0/gems/openstudio-standards-0.3.0/lib/openstudio-standards/standards/Standards.CoilCoolingDXSingleSpeed.rb:191:in `coil_cooling_dx_single_speed_apply_efficiency_and_curves'. 
 Search criteria: 
 {"template"=>"DOE Ref 1980-2004", "cooling_type"=>"AirCooled", "subcategory"=>"Single Package"}, capacity = 8274.948730617365 
  All results: 
 {"template"=>"DOE Ref 1980-2004", "cooling_type"=>"AirCooled", "heating_type"=>"All Other", "subcategory"=>"Single Package", "minimum_capacity"=>0.0, "maximum_capacity"=>64999.0, "start_date"=>"1919-09-09T00:00:00+00:00", "end_date"=>"2999-09-09T00:00:00+00:00", "minimum_seasonal_energy_efficiency_ratio"=>9.7, "minimum_energy_efficiency_ratio"=>nil, "minimum_integrated_part_load_value"=>nil, "minimum_integrated_energy_efficiency_ratio"=>nil, "ptac_eer_coefficient_1"=>nil, "ptac_eer_coefficient_2"=>nil, "minimum_scop"=>nil, "cool_cap_ft"=>"DOE Ref DX Clg Coil Cool-Cap-fT", "cool_cap_fflow"=>"DOE Ref DX Clg Coil Cool-CAP-fFlow", "cool_eir_ft"=>"DOE Ref DX Clg Coil Cool-EIR-fT", "cool_eir_fflow"=>"DOE Ref DX Clg Coil Cool-EIR-fFlow", "cool_plf_fplr"=>"DOE Ref DX Clg Coil Cool-PLF-fPLR", "notes"=>"From 90.1-1989"}
{"template"=>"DOE Ref 1980-2004", "cooling_type"=>"AirCooled", "heating_type"=>"Electric Resistance or None", "subcategory"=>"Single Package", "minimum_capacity"=>0.0, "maximum_capacity"=>64999.0, "start_date"=>"1919-09-09T00:00:00+00:00", "end_date"=>"2999-09-09T00:00:00+00:00", "minimum_seasonal_energy_efficiency_ratio"=>9.7, "minimum_energy_efficiency_ratio"=>nil, "minimum_integrated_part_load_value"=>nil, "minimum_integrated_energy_efficiency_ratio"=>nil, "ptac_eer_coefficient_1"=>nil, "ptac_eer_coefficient_2"=>nil, "minimum_scop"=>nil, "cool_cap_ft"=>"DOE Ref DX Clg Coil Cool-Cap-fT", "cool_cap_fflow"=>"DOE Ref DX Clg Coil Cool-CAP-fFlow", "cool_eir_ft"=>"DOE Ref DX Clg Coil Cool-EIR-fT", "cool_eir_fflow"=>"DOE Ref DX Clg Coil Cool-EIR-fFlow", "cool_plf_fplr"=>"DOE Ref DX Clg Coil Cool-PLF-fPLR", "notes"=>"From 90.1-1989"}
[21:09:36.534256 WARN] [openstudio.standards.Model] Find object search criteria returned 2 results, the first one will be returned. Called from :/ruby/2.7.0/gems/openstudio-standards-0.3.0/lib/openstudio-standards/standards/Standards.CoilCoolingDXSingleSpeed.rb:61:in `coil_cooling_dx_single_speed_standard_minimum_cop'. 
 Search criteria: 
 {"template"=>"DOE Ref 1980-2004", "cooling_type"=>"AirCooled", "subcategory"=>"Single Package"}, capacity = 8274.948730617365 
  All results: 
 {"template"=>"DOE Ref 1980-2004", "cooling_type"=>"AirCooled", "heating_type"=>"All Other", "subcategory"=>"Single Package", "minimum_capacity"=>0.0, "maximum_capacity"=>64999.0, "start_date"=>"1919-09-09T00:00:00+00:00", "end_date"=>"2999-09-09T00:00:00+00:00", "minimum_seasonal_energy_efficiency_ratio"=>9.7, "minimum_energy_efficiency_ratio"=>nil, "minimum_integrated_part_load_value"=>nil, "minimum_integrated_energy_efficiency_ratio"=>nil, "ptac_eer_coefficient_1"=>nil, "ptac_eer_coefficient_2"=>nil, "minimum_scop"=>nil, "cool_cap_ft"=>"DOE Ref DX Clg Coil Cool-Cap-fT", "cool_cap_fflow"=>"DOE Ref DX Clg Coil Cool-CAP-fFlow", "cool_eir_ft"=>"DOE Ref DX Clg Coil Cool-EIR-fT", "cool_eir_fflow"=>"DOE Ref DX Clg Coil Cool-EIR-fFlow", "cool_plf_fplr"=>"DOE Ref DX Clg Coil Cool-PLF-fPLR", "notes"=>"From 90.1-1989"}
{"template"=>"DOE Ref 1980-2004", "cooling_type"=>"AirCooled", "heating_type"=>"Electric Resistance or None", "subcategory"=>"Single Package", "minimum_capacity"=>0.0, "maximum_capacity"=>64999.0, "start_date"=>"1919-09-09T00:00:00+00:00", "end_date"=>"2999-09-09T00:00:00+00:00", "minimum_seasonal_energy_efficiency_ratio"=>9.7, "minimum_energy_efficiency_ratio"=>nil, "minimum_integrated_part_load_value"=>nil, "minimum_integrated_energy_efficiency_ratio"=>nil, "ptac_eer_coefficient_1"=>nil, "ptac_eer_coefficient_2"=>nil, "minimum_scop"=>nil, "cool_cap_ft"=>"DOE Ref DX Clg Coil Cool-Cap-fT", "cool_cap_fflow"=>"DOE Ref DX Clg Coil Cool-CAP-fFlow", "cool_eir_ft"=>"DOE Ref DX Clg Coil Cool-EIR-fT", "cool_eir_fflow"=>"DOE Ref DX Clg Coil Cool-EIR-fFlow", "cool_plf_fplr"=>"DOE Ref DX Clg Coil Cool-PLF-fPLR", "notes"=>"From 90.1-1989"}
[21:09:36.534293 WARN] [openstudio.standards.Model] Find object search criteria returned 2 results, the first one will be returned. Called from :/ruby/2.7.0/gems/openstudio-standards-0.3.0/lib/openstudio-standards/standards/Standards.CoilCoolingDXSingleSpeed.rb:191:in `coil_cooling_dx_single_speed_apply_efficiency_and_curves'. 
 Search criteria: 
 {"template"=>"DOE Ref 1980-2004", "cooling_type"=>"AirCooled", "subcategory"=>"Single Package"}, capacity = 4983.039708163402 
  All results: 
 {"template"=>"DOE Ref 1980-2004", "cooling_type"=>"AirCooled", "heating_type"=>"All Other", "subcategory"=>"Single Package", "minimum_capacity"=>0.0, "maximum_capacity"=>64999.0, "start_date"=>"1919-09-09T00:00:00+00:00", "end_date"=>"2999-09-09T00:00:00+00:00", "minimum_seasonal_energy_efficiency_ratio"=>9.7, "minimum_energy_efficiency_ratio"=>nil, "minimum_integrated_part_load_value"=>nil, "minimum_integrated_energy_efficiency_ratio"=>nil, "ptac_eer_coefficient_1"=>nil, "ptac_eer_coefficient_2"=>nil, "minimum_scop"=>nil, "cool_cap_ft"=>"DOE Ref DX Clg Coil Cool-Cap-fT", "cool_cap_fflow"=>"DOE Ref DX Clg Coil Cool-CAP-fFlow", "cool_eir_ft"=>"DOE Ref DX Clg Coil Cool-EIR-fT", "cool_eir_fflow"=>"DOE Ref DX Clg Coil Cool-EIR-fFlow", "cool_plf_fplr"=>"DOE Ref DX Clg Coil Cool-PLF-fPLR", "notes"=>"From 90.1-1989"}
{"template"=>"DOE Ref 1980-2004", "cooling_type"=>"AirCooled", "heating_type"=>"Electric Resistance or None", "subcategory"=>"Single Package", "minimum_capacity"=>0.0, "maximum_capacity"=>64999.0, "start_date"=>"1919-09-09T00:00:00+00:00", "end_date"=>"2999-09-09T00:00:00+00:00", "minimum_seasonal_energy_efficiency_ratio"=>9.7, "minimum_energy_efficiency_ratio"=>nil, "minimum_integrated_part_load_value"=>nil, "minimum_integrated_energy_efficiency_ratio"=>nil, "ptac_eer_coefficient_1"=>nil, "ptac_eer_coefficient_2"=>nil, "minimum_scop"=>nil, "cool_cap_ft"=>"DOE Ref DX Clg Coil Cool-Cap-fT", "cool_cap_fflow"=>"DOE Ref DX Clg Coil Cool-CAP-fFlow", "cool_eir_ft"=>"DOE Ref DX Clg Coil Cool-EIR-fT", "cool_eir_fflow"=>"DOE Ref DX Clg Coil Cool-EIR-fFlow", "cool_plf_fplr"=>"DOE Ref DX Clg Coil Cool-PLF-fPLR", "notes"=>"From 90.1-1989"}
[21:09:36.534365 WARN] [openstudio.standards.Model] Find object search criteria returned 2 results, the first one will be returned. Called from :/ruby/2.7.0/gems/openstudio-standards-0.3.0/lib/openstudio-standards/standards/Standards.CoilCoolingDXSingleSpeed.rb:61:in `coil_cooling_dx_single_speed_standard_minimum_cop'. 
 Search criteria: 
 {"template"=>"DOE Ref 1980-2004", "cooling_type"=>"AirCooled", "subcategory"=>"Single Package"}, capacity = 4983.039708163402 
  All results: 
 {"template"=>"DOE Ref 1980-2004", "cooling_type"=>"AirCooled", "heating_type"=>"All Other", "subcategory"=>"Single Package", "minimum_capacity"=>0.0, "maximum_capacity"=>64999.0, "start_date"=>"1919-09-09T00:00:00+00:00", "end_date"=>"2999-09-09T00:00:00+00:00", "minimum_seasonal_energy_efficiency_ratio"=>9.7, "minimum_energy_efficiency_ratio"=>nil, "minimum_integrated_part_load_value"=>nil, "minimum_integrated_energy_efficiency_ratio"=>nil, "ptac_eer_coefficient_1"=>nil, "ptac_eer_coefficient_2"=>nil, "minimum_scop"=>nil, "cool_cap_ft"=>"DOE Ref DX Clg Coil Cool-Cap-fT", "cool_cap_fflow"=>"DOE Ref DX Clg Coil Cool-CAP-fFlow", "cool_eir_ft"=>"DOE Ref DX Clg Coil Cool-EIR-fT", "cool_eir_fflow"=>"DOE Ref DX Clg Coil Cool-EIR-fFlow", "cool_plf_fplr"=>"DOE Ref DX Clg Coil Cool-PLF-fPLR", "notes"=>"From 90.1-1989"}
{"template"=>"DOE Ref 1980-2004", "cooling_type"=>"AirCooled", "heating_type"=>"Electric Resistance or None", "subcategory"=>"Single Package", "minimum_capacity"=>0.0, "maximum_capacity"=>64999.0, "start_date"=>"1919-09-09T00:00:00+00:00", "end_date"=>"2999-09-09T00:00:00+00:00", "minimum_seasonal_energy_efficiency_ratio"=>9.7, "minimum_energy_efficiency_ratio"=>nil, "minimum_integrated_part_load_value"=>nil, "minimum_integrated_energy_efficiency_ratio"=>nil, "ptac_eer_coefficient_1"=>nil, "ptac_eer_coefficient_2"=>nil, "minimum_scop"=>nil, "cool_cap_ft"=>"DOE Ref DX Clg Coil Cool-Cap-fT", "cool_cap_fflow"=>"DOE Ref DX Clg Coil Cool-CAP-fFlow", "cool_eir_ft"=>"DOE Ref DX Clg Coil Cool-EIR-fT", "cool_eir_fflow"=>"DOE Ref DX Clg Coil Cool-EIR-fFlow", "cool_plf_fplr"=>"DOE Ref DX Clg Coil Cool-PLF-fPLR", "notes"=>"From 90.1-1989"}
