[09:46:26.424974 WARN] A meter named Electricity:Facility already exists. One will not be added to the model.
[09:46:28.539247 ERROR] Outage period ends after the run period ends.
[09:46:28.564757 ERROR] :/ruby/2.7.0/gems/openstudio-workflow-2.3.1/lib/openstudio/workflow/util/measure.rb failed with message Runner error :/ruby/2.7.0/gems/openstudio-workflow-2.3.1/lib/openstudio/workflow/util/measure.rb failed with Measure set_power_and_heat_off reported an error with ["Outage period ends after the run period ends."], :/ruby/2.7.0/gems/openstudio-workflow-2.3.1/lib/openstudio/workflow/util/measure.rb:567:in `apply_measure'
:/ruby/2.7.0/gems/openstudio-workflow-2.3.1/lib/openstudio/workflow/util/measure.rb:114:in `block in apply_measures'
:/ruby/2.7.0/gems/openstudio-workflow-2.3.1/lib/openstudio/workflow/util/measure.rb:67:in `each_index'
:/ruby/2.7.0/gems/openstudio-workflow-2.3.1/lib/openstudio/workflow/util/measure.rb:67:in `apply_measures'
:/ruby/2.7.0/gems/openstudio-workflow-2.3.1/lib/openstudio/workflow/jobs/run_os_measures.rb:70:in `perform'
:/ruby/2.7.0/gems/openstudio-workflow-2.3.1/lib/openstudio/workflow/run.rb:291:in `step'
:/ruby/2.7.0/gems/openstudio-workflow-2.3.1/lib/openstudio/workflow/run.rb:233:in `run'
:/openstudio_cli.rb:1187:in `execute'
:/openstudio_cli.rb:817:in `execute'
:/openstudio_cli.rb:1984:in `<main>'
eval:188:in `eval'
eval:188:in `require_embedded_absolute'
eval:173:in `block in require_embedded'
eval:167:in `each'
eval:167:in `require_embedded'
eval:126:in `require'
eval:3:in `<main>' in :/ruby/2.7.0/gems/openstudio-workflow-2.3.1/lib/openstudio/workflow/util/measure.rb:605:in `rescue in apply_measure'
:/ruby/2.7.0/gems/openstudio-workflow-2.3.1/lib/openstudio/workflow/util/measure.rb:555:in `apply_measure'
:/ruby/2.7.0/gems/openstudio-workflow-2.3.1/lib/openstudio/workflow/util/measure.rb:114:in `block in apply_measures'
:/ruby/2.7.0/gems/openstudio-workflow-2.3.1/lib/openstudio/workflow/util/measure.rb:67:in `each_index'
:/ruby/2.7.0/gems/openstudio-workflow-2.3.1/lib/openstudio/workflow/util/measure.rb:67:in `apply_measures'
:/ruby/2.7.0/gems/openstudio-workflow-2.3.1/lib/openstudio/workflow/jobs/run_os_measures.rb:70:in `perform'
:/ruby/2.7.0/gems/openstudio-workflow-2.3.1/lib/openstudio/workflow/run.rb:291:in `step'
:/ruby/2.7.0/gems/openstudio-workflow-2.3.1/lib/openstudio/workflow/run.rb:233:in `run'
:/openstudio_cli.rb:1187:in `execute'
:/openstudio_cli.rb:817:in `execute'
:/openstudio_cli.rb:1984:in `<main>'
eval:188:in `eval'
eval:188:in `require_embedded_absolute'
eval:173:in `block in require_embedded'
eval:167:in `each'
eval:167:in `require_embedded'
eval:126:in `require'
eval:3:in `<main>'
[09:46:28.564873 ERROR] Found error in state 'os_measures' with message [":/ruby/2.7.0/gems/openstudio-workflow-2.3.1/lib/openstudio/workflow/util/measure.rb failed with message Runner error :/ruby/2.7.0/gems/openstudio-workflow-2.3.1/lib/openstudio/workflow/util/measure.rb failed with Measure set_power_and_heat_off reported an error with [\"Outage period ends after the run period ends.\"], :/ruby/2.7.0/gems/openstudio-workflow-2.3.1/lib/openstudio/workflow/util/measure.rb:567:in `apply_measure'\n:/ruby/2.7.0/gems/openstudio-workflow-2.3.1/lib/openstudio/workflow/util/measure.rb:114:in `block in apply_measures'\n:/ruby/2.7.0/gems/openstudio-workflow-2.3.1/lib/openstudio/workflow/util/measure.rb:67:in `each_index'\n:/ruby/2.7.0/gems/openstudio-workflow-2.3.1/lib/openstudio/workflow/util/measure.rb:67:in `apply_measures'\n:/ruby/2.7.0/gems/openstudio-workflow-2.3.1/lib/openstudio/workflow/jobs/run_os_measures.rb:70:in `perform'\n:/ruby/2.7.0/gems/openstudio-workflow-2.3.1/lib/openstudio/workflow/run.rb:291:in `step'\n:/ruby/2.7.0/gems/openstudio-workflow-2.3.1/lib/openstudio/workflow/run.rb:233:in `run'\n:/openstudio_cli.rb:1187:in `execute'\n:/openstudio_cli.rb:817:in `execute'\n:/openstudio_cli.rb:1984:in `<main>'\neval:188:in `eval'\neval:188:in `require_embedded_absolute'\neval:173:in `block in require_embedded'\neval:167:in `each'\neval:167:in `require_embedded'\neval:126:in `require'\neval:3:in `<main>' in :/ruby/2.7.0/gems/openstudio-workflow-2.3.1/lib/openstudio/workflow/util/measure.rb:605:in `rescue in apply_measure'\n:/ruby/2.7.0/gems/openstudio-workflow-2.3.1/lib/openstudio/workflow/util/measure.rb:555:in `apply_measure'\n:/ruby/2.7.0/gems/openstudio-workflow-2.3.1/lib/openstudio/workflow/util/measure.rb:114:in `block in apply_measures'\n:/ruby/2.7.0/gems/openstudio-workflow-2.3.1/lib/openstudio/workflow/util/measure.rb:67:in `each_index'\n:/ruby/2.7.0/gems/openstudio-workflow-2.3.1/lib/openstudio/workflow/util/measure.rb:67:in `apply_measures'\n:/ruby/2.7.0/gems/openstudio-workflow-2.3.1/lib/openstudio/workflow/jobs/run_os_measures.rb:70:in `perform'\n:/ruby/2.7.0/gems/openstudio-workflow-2.3.1/lib/openstudio/workflow/run.rb:291:in `step'\n:/ruby/2.7.0/gems/openstudio-workflow-2.3.1/lib/openstudio/workflow/run.rb:233:in `run'\n:/openstudio_cli.rb:1187:in `execute'\n:/openstudio_cli.rb:817:in `execute'\n:/openstudio_cli.rb:1984:in `<main>'\neval:188:in `eval'\neval:188:in `require_embedded_absolute'\neval:173:in `block in require_embedded'\neval:167:in `each'\neval:167:in `require_embedded'\neval:126:in `require'\neval:3:in `<main>'::/ruby/2.7.0/gems/openstudio-workflow-2.3.1/lib/openstudio/workflow/util/measure.rb:654:in `rescue in apply_measure'\n:/ruby/2.7.0/gems/openstudio-workflow-2.3.1/lib/openstudio/workflow/util/measure.rb:651:in `apply_measure'\n:/ruby/2.7.0/gems/openstudio-workflow-2.3.1/lib/openstudio/workflow/util/measure.rb:114:in `block in apply_measures'\n:/ruby/2.7.0/gems/openstudio-workflow-2.3.1/lib/openstudio/workflow/util/measure.rb:67:in `each_index'\n:/ruby/2.7.0/gems/openstudio-workflow-2.3.1/lib/openstudio/workflow/util/measure.rb:67:in `apply_measures'\n:/ruby/2.7.0/gems/openstudio-workflow-2.3.1/lib/openstudio/workflow/jobs/run_os_measures.rb:70:in `perform'\n:/ruby/2.7.0/gems/openstudio-workflow-2.3.1/lib/openstudio/workflow/run.rb:291:in `step'\n:/ruby/2.7.0/gems/openstudio-workflow-2.3.1/lib/openstudio/workflow/run.rb:233:in `run'\n:/openstudio_cli.rb:1187:in `execute'\n:/openstudio_cli.rb:817:in `execute'\n:/openstudio_cli.rb:1984:in `<main>'\neval:188:in `eval'\neval:188:in `require_embedded_absolute'\neval:173:in `block in require_embedded'\neval:167:in `each'\neval:167:in `require_embedded'\neval:126:in `require'\neval:3:in `<main>'"]}
